{"/home/travis/build/npmtest/node-npmtest-websockets-streaming-audio/test.js":{"path":"/home/travis/build/npmtest/node-npmtest-websockets-streaming-audio/test.js","s":{"1":2,"2":2,"3":2,"4":2,"5":2,"6":2,"7":2,"8":1,"9":2,"10":2,"11":1,"12":1,"13":1,"14":1,"15":2,"16":2,"17":2,"18":2,"19":1,"20":1,"21":2,"22":2,"23":2,"24":1,"25":1,"26":1,"27":1,"28":1,"29":1,"30":1,"31":1,"32":1,"33":1,"34":1,"35":1,"36":1,"37":1,"38":1,"39":2,"40":2,"41":1,"42":2,"43":2,"44":1,"45":2,"46":2,"47":1,"48":2,"49":2,"50":1,"51":1,"52":1,"53":1,"54":1},"b":{"1":[2,1,1,1],"2":[1,1,1,1],"3":[1,1],"4":[1,1],"5":[1,1],"6":[1,1],"7":[1,1],"8":[1,1],"9":[1,1],"10":[1,1,1],"11":[1,1],"12":[1,1],"13":[1,1],"14":[1,1],"15":[1,1],"16":[1,1],"17":[1,1]},"f":{"1":2,"2":2,"3":2,"4":2,"5":2,"6":1,"7":1,"8":1,"9":2,"10":2,"11":2,"12":2,"13":1},"fnMap":{"1":{"name":"(anonymous_1)","line":12,"loc":{"start":{"line":12,"column":1},"end":{"line":12,"column":13}}},"2":{"name":"(anonymous_2)","line":19,"loc":{"start":{"line":19,"column":5},"end":{"line":19,"column":17}}},"3":{"name":"(anonymous_3)","line":23,"loc":{"start":{"line":23,"column":24},"end":{"line":23,"column":36}}},"4":{"name":"(anonymous_4)","line":61,"loc":{"start":{"line":61,"column":5},"end":{"line":61,"column":17}}},"5":{"name":"(anonymous_5)","line":82,"loc":{"start":{"line":82,"column":5},"end":{"line":82,"column":17}}},"6":{"name":"(anonymous_6)","line":91,"loc":{"start":{"line":91,"column":77},"end":{"line":94,"column":10}}},"7":{"name":"(anonymous_7)","line":112,"loc":{"start":{"line":112,"column":83},"end":{"line":115,"column":10}},"skip":true},"8":{"name":"(anonymous_8)","line":123,"loc":{"start":{"line":123,"column":77},"end":{"line":126,"column":10}},"skip":true},"9":{"name":"(anonymous_9)","line":139,"loc":{"start":{"line":139,"column":12},"end":{"line":139,"column":40}},"skip":true},"10":{"name":"(anonymous_10)","line":147,"loc":{"start":{"line":147,"column":77},"end":{"line":150,"column":10}},"skip":true},"11":{"name":"(anonymous_11)","line":158,"loc":{"start":{"line":158,"column":83},"end":{"line":161,"column":10}},"skip":true},"12":{"name":"(anonymous_12)","line":169,"loc":{"start":{"line":169,"column":79},"end":{"line":172,"column":10}},"skip":true},"13":{"name":"(anonymous_13)","line":180,"loc":{"start":{"line":180,"column":75},"end":{"line":183,"column":10}},"skip":true}},"statementMap":{"1":{"start":{"line":12,"column":0},"end":{"line":195,"column":5}},"2":{"start":{"line":14,"column":4},"end":{"line":14,"column":14}},"3":{"start":{"line":19,"column":4},"end":{"line":56,"column":9}},"4":{"start":{"line":21,"column":8},"end":{"line":21,"column":19}},"5":{"start":{"line":23,"column":8},"end":{"line":35,"column":13}},"6":{"start":{"line":24,"column":12},"end":{"line":34,"column":13}},"7":{"start":{"line":25,"column":16},"end":{"line":28,"column":30}},"8":{"start":{"line":30,"column":16},"end":{"line":33,"column":27}},"9":{"start":{"line":37,"column":8},"end":{"line":39,"column":21}},"10":{"start":{"line":40,"column":8},"end":{"line":53,"column":9}},"11":{"start":{"line":43,"column":12},"end":{"line":46,"column":14}},"12":{"start":{"line":47,"column":12},"end":{"line":47,"column":18}},"13":{"start":{"line":50,"column":12},"end":{"line":51,"column":33}},"14":{"start":{"line":52,"column":12},"end":{"line":52,"column":18}},"15":{"start":{"line":55,"column":8},"end":{"line":55,"column":35}},"16":{"start":{"line":61,"column":4},"end":{"line":63,"column":9}},"17":{"start":{"line":62,"column":8},"end":{"line":62,"column":15}},"18":{"start":{"line":64,"column":4},"end":{"line":77,"column":5}},"19":{"start":{"line":70,"column":8},"end":{"line":70,"column":14}},"20":{"start":{"line":76,"column":8},"end":{"line":76,"column":14}},"21":{"start":{"line":82,"column":4},"end":{"line":84,"column":9}},"22":{"start":{"line":83,"column":8},"end":{"line":83,"column":15}},"23":{"start":{"line":85,"column":4},"end":{"line":194,"column":5}},"24":{"start":{"line":91,"column":8},"end":{"line":99,"column":10}},"25":{"start":{"line":98,"column":12},"end":{"line":98,"column":35}},"26":{"start":{"line":102,"column":8},"end":{"line":104,"column":63}},"27":{"start":{"line":105,"column":8},"end":{"line":105,"column":14}},"28":{"start":{"line":112,"column":8},"end":{"line":121,"column":10},"skip":true},"29":{"start":{"line":119,"column":12},"end":{"line":119,"column":55},"skip":true},"30":{"start":{"line":120,"column":12},"end":{"line":120,"column":48},"skip":true},"31":{"start":{"line":123,"column":8},"end":{"line":136,"column":10},"skip":true},"32":{"start":{"line":130,"column":12},"end":{"line":130,"column":76},"skip":true},"33":{"start":{"line":131,"column":12},"end":{"line":131,"column":73},"skip":true},"34":{"start":{"line":132,"column":12},"end":{"line":132,"column":74},"skip":true},"35":{"start":{"line":133,"column":12},"end":{"line":133,"column":79},"skip":true},"36":{"start":{"line":134,"column":12},"end":{"line":134,"column":25},"skip":true},"37":{"start":{"line":135,"column":12},"end":{"line":135,"column":45},"skip":true},"38":{"start":{"line":138,"column":8},"end":{"line":145,"column":14},"skip":true},"39":{"start":{"line":143,"column":16},"end":{"line":143,"column":29},"skip":true},"40":{"start":{"line":144,"column":16},"end":{"line":144,"column":55},"skip":true},"41":{"start":{"line":147,"column":8},"end":{"line":156,"column":10},"skip":true},"42":{"start":{"line":154,"column":12},"end":{"line":154,"column":25},"skip":true},"43":{"start":{"line":155,"column":12},"end":{"line":155,"column":45},"skip":true},"44":{"start":{"line":158,"column":8},"end":{"line":167,"column":10},"skip":true},"45":{"start":{"line":165,"column":12},"end":{"line":165,"column":25},"skip":true},"46":{"start":{"line":166,"column":12},"end":{"line":166,"column":48},"skip":true},"47":{"start":{"line":169,"column":8},"end":{"line":178,"column":10},"skip":true},"48":{"start":{"line":176,"column":12},"end":{"line":176,"column":25},"skip":true},"49":{"start":{"line":177,"column":12},"end":{"line":177,"column":46},"skip":true},"50":{"start":{"line":180,"column":8},"end":{"line":189,"column":10},"skip":true},"51":{"start":{"line":187,"column":12},"end":{"line":187,"column":94},"skip":true},"52":{"start":{"line":188,"column":12},"end":{"line":188,"column":48},"skip":true},"53":{"start":{"line":192,"column":8},"end":{"line":192,"column":35},"skip":true},"54":{"start":{"line":193,"column":8},"end":{"line":193,"column":14},"skip":true}},"branchMap":{"1":{"line":25,"type":"binary-expr","locations":[{"start":{"line":25,"column":23},"end":{"line":25,"column":62}},{"start":{"line":26,"column":20},"end":{"line":26,"column":70}},{"start":{"line":27,"column":20},"end":{"line":27,"column":71}},{"start":{"line":28,"column":20},"end":{"line":28,"column":29}}]},"2":{"line":30,"type":"binary-expr","locations":[{"start":{"line":30,"column":23},"end":{"line":30,"column":37}},{"start":{"line":31,"column":20},"end":{"line":31,"column":61}},{"start":{"line":32,"column":20},"end":{"line":32,"column":70}},{"start":{"line":33,"column":20},"end":{"line":33,"column":26}}]},"3":{"line":37,"type":"cond-expr","locations":[{"start":{"line":38,"column":14},"end":{"line":38,"column":20}},{"start":{"line":39,"column":14},"end":{"line":39,"column":20}}]},"4":{"line":40,"type":"switch","locations":[{"start":{"line":42,"column":8},"end":{"line":47,"column":18}},{"start":{"line":49,"column":8},"end":{"line":52,"column":18}}]},"5":{"line":44,"type":"binary-expr","locations":[{"start":{"line":44,"column":16},"end":{"line":44,"column":44}},{"start":{"line":44,"column":48},"end":{"line":44,"column":66}}]},"6":{"line":50,"type":"binary-expr","locations":[{"start":{"line":50,"column":21},"end":{"line":50,"column":49}},{"start":{"line":50,"column":53},"end":{"line":50,"column":72}}]},"7":{"line":64,"type":"switch","locations":[{"start":{"line":69,"column":4},"end":{"line":70,"column":14}},{"start":{"line":75,"column":4},"end":{"line":76,"column":14}}]},"8":{"line":85,"type":"switch","locations":[{"start":{"line":90,"column":4},"end":{"line":105,"column":14}},{"start":{"line":111,"column":4},"end":{"line":193,"column":14},"skip":true}]},"9":{"line":91,"type":"binary-expr","locations":[{"start":{"line":91,"column":42},"end":{"line":91,"column":73}},{"start":{"line":91,"column":77},"end":{"line":99,"column":9}}]},"10":{"line":102,"type":"binary-expr","locations":[{"start":{"line":102,"column":18},"end":{"line":102,"column":32}},{"start":{"line":103,"column":12},"end":{"line":103,"column":53}},{"start":{"line":104,"column":12},"end":{"line":104,"column":61}}]},"11":{"line":112,"type":"binary-expr","locations":[{"start":{"line":112,"column":45},"end":{"line":112,"column":79},"skip":true},{"start":{"line":112,"column":83},"end":{"line":121,"column":9},"skip":true}]},"12":{"line":123,"type":"binary-expr","locations":[{"start":{"line":123,"column":42},"end":{"line":123,"column":73},"skip":true},{"start":{"line":123,"column":77},"end":{"line":136,"column":9},"skip":true}]},"13":{"line":138,"type":"binary-expr","locations":[{"start":{"line":138,"column":48},"end":{"line":138,"column":85},"skip":true},{"start":{"line":139,"column":12},"end":{"line":145,"column":13},"skip":true}]},"14":{"line":147,"type":"binary-expr","locations":[{"start":{"line":147,"column":42},"end":{"line":147,"column":73},"skip":true},{"start":{"line":147,"column":77},"end":{"line":156,"column":9},"skip":true}]},"15":{"line":158,"type":"binary-expr","locations":[{"start":{"line":158,"column":45},"end":{"line":158,"column":79},"skip":true},{"start":{"line":158,"column":83},"end":{"line":167,"column":9},"skip":true}]},"16":{"line":169,"type":"binary-expr","locations":[{"start":{"line":169,"column":43},"end":{"line":169,"column":75},"skip":true},{"start":{"line":169,"column":79},"end":{"line":178,"column":9},"skip":true}]},"17":{"line":180,"type":"binary-expr","locations":[{"start":{"line":180,"column":41},"end":{"line":180,"column":71},"skip":true},{"start":{"line":180,"column":75},"end":{"line":189,"column":9},"skip":true}]}},"code":["/* istanbul instrument in package npmtest_websockets_streaming_audio */","/*jslint","    bitwise: true,","    browser: true,","    maxerr: 8,","    maxlen: 96,","    node: true,","    nomen: true,","    regexp: true,","    stupid: true","*/","(function () {","    'use strict';","    var local;","","","","    // run shared js-env code - pre-init","    (function () {","        // init local","        local = {};","        // init modeJs","        local.modeJs = (function () {","            try {","                return typeof navigator.userAgent === 'string' &&","                    typeof document.querySelector('body') === 'object' &&","                    typeof XMLHttpRequest.prototype.open === 'function' &&","                    'browser';","            } catch (errorCaughtBrowser) {","                return module.exports &&","                    typeof process.versions.node === 'string' &&","                    typeof require('http').createServer === 'function' &&","                    'node';","            }","        }());","        // init global","        local.global = local.modeJs === 'browser'","            ? window","            : global;","        switch (local.modeJs) {","        // re-init local from window.local","        case 'browser':","            local = local.global.utility2.objectSetDefault(","                local.global.utility2_rollup || local.global.local,","                local.global.utility2","            );","            break;","        // re-init local from example.js","        case 'node':","            local = (local.global.utility2_rollup || require('utility2'))","                .requireReadme();","            break;","        }","        // export local","        local.global.local = local;","    }());","","","","    // run shared js-env code - function","    (function () {","        return;","    }());","    switch (local.modeJs) {","","","","    // run browser js-env code - function","    case 'browser':","        break;","","","","    // run node js-env code - function","    case 'node':","        break;","    }","","","","    // run shared js-env code - post-init","    (function () {","        return;","    }());","    switch (local.modeJs) {","","","","    // run browser js-env code - post-init","    case 'browser':","        local.testCase_browser_nullCase = local.testCase_browser_nullCase || function (","            options,","            onError","        ) {","        /*","         * this function will test browsers's null-case handling-behavior-behavior","         */","            onError(null, options);","        };","","        // run tests","        local.nop(local.modeTest &&","            document.querySelector('#testRunButton1') &&","            document.querySelector('#testRunButton1').click());","        break;","","","","    // run node js-env code - post-init","    /* istanbul ignore next */","    case 'node':","        local.testCase_buildApidoc_default = local.testCase_buildApidoc_default || function (","            options,","            onError","        ) {","        /*","         * this function will test buildApidoc's default handling-behavior-behavior","         */","            options = { modulePathList: module.paths };","            local.buildApidoc(options, onError);","        };","","        local.testCase_buildApp_default = local.testCase_buildApp_default || function (","            options,","            onError","        ) {","        /*","         * this function will test buildApp's default handling-behavior-behavior","         */","            local.testCase_buildReadme_default(options, local.onErrorThrow);","            local.testCase_buildLib_default(options, local.onErrorThrow);","            local.testCase_buildTest_default(options, local.onErrorThrow);","            local.testCase_buildCustomOrg_default(options, local.onErrorThrow);","            options = [];","            local.buildApp(options, onError);","        };","","        local.testCase_buildCustomOrg_default = local.testCase_buildCustomOrg_default ||","            function (options, onError) {","            /*","             * this function will test buildCustomOrg's default handling-behavior","             */","                options = {};","                local.buildCustomOrg(options, onError);","            };","","        local.testCase_buildLib_default = local.testCase_buildLib_default || function (","            options,","            onError","        ) {","        /*","         * this function will test buildLib's default handling-behavior","         */","            options = {};","            local.buildLib(options, onError);","        };","","        local.testCase_buildReadme_default = local.testCase_buildReadme_default || function (","            options,","            onError","        ) {","        /*","         * this function will test buildReadme's default handling-behavior-behavior","         */","            options = {};","            local.buildReadme(options, onError);","        };","","        local.testCase_buildTest_default = local.testCase_buildTest_default || function (","            options,","            onError","        ) {","        /*","         * this function will test buildTest's default handling-behavior","         */","            options = {};","            local.buildTest(options, onError);","        };","","        local.testCase_webpage_default = local.testCase_webpage_default || function (","            options,","            onError","        ) {","        /*","         * this function will test webpage's default handling-behavior","         */","            options = { modeCoverageMerge: true, url: local.serverLocalHost + '?modeTest=1' };","            local.browserTest(options, onError);","        };","","        // run test-server","        local.testRunServer(local);","        break;","    }","}());",""],"l":{"12":2,"14":2,"19":2,"21":2,"23":2,"24":2,"25":2,"30":1,"37":2,"40":2,"43":1,"47":1,"50":1,"52":1,"55":2,"61":2,"62":2,"64":2,"70":1,"76":1,"82":2,"83":2,"85":2,"91":1,"98":1,"102":1,"105":1,"112":1,"119":1,"120":1,"123":1,"130":1,"131":1,"132":1,"133":1,"134":1,"135":1,"138":1,"143":2,"144":2,"147":1,"154":2,"155":2,"158":1,"165":2,"166":2,"169":1,"176":2,"177":2,"180":1,"187":1,"188":1,"192":1,"193":1}},"/home/travis/build/npmtest/node-npmtest-websockets-streaming-audio/lib.npmtest_websockets_streaming_audio.js":{"path":"/home/travis/build/npmtest/node-npmtest-websockets-streaming-audio/lib.npmtest_websockets_streaming_audio.js","s":{"1":2,"2":2,"3":2,"4":2,"5":2,"6":2,"7":2,"8":1,"9":2,"10":2,"11":2,"12":2,"13":1,"14":1,"15":1,"16":1},"b":{"1":[2,1,1,1],"2":[1,1,1,1],"3":[1,1],"4":[2,2],"5":[1,1]},"f":{"1":2,"2":2,"3":2},"fnMap":{"1":{"name":"(anonymous_1)","line":12,"loc":{"start":{"line":12,"column":1},"end":{"line":12,"column":13}}},"2":{"name":"(anonymous_2)","line":19,"loc":{"start":{"line":19,"column":5},"end":{"line":19,"column":17}}},"3":{"name":"(anonymous_3)","line":23,"loc":{"start":{"line":23,"column":24},"end":{"line":23,"column":36}}}},"statementMap":{"1":{"start":{"line":12,"column":0},"end":{"line":53,"column":5}},"2":{"start":{"line":14,"column":4},"end":{"line":14,"column":14}},"3":{"start":{"line":19,"column":4},"end":{"line":52,"column":9}},"4":{"start":{"line":21,"column":8},"end":{"line":21,"column":19}},"5":{"start":{"line":23,"column":8},"end":{"line":35,"column":13}},"6":{"start":{"line":24,"column":12},"end":{"line":34,"column":13}},"7":{"start":{"line":25,"column":16},"end":{"line":28,"column":30}},"8":{"start":{"line":30,"column":16},"end":{"line":33,"column":27}},"9":{"start":{"line":37,"column":8},"end":{"line":39,"column":21}},"10":{"start":{"line":41,"column":8},"end":{"line":41,"column":54}},"11":{"start":{"line":43,"column":8},"end":{"line":43,"column":71}},"12":{"start":{"line":45,"column":8},"end":{"line":51,"column":9}},"13":{"start":{"line":46,"column":12},"end":{"line":46,"column":77}},"14":{"start":{"line":48,"column":12},"end":{"line":48,"column":35}},"15":{"start":{"line":49,"column":12},"end":{"line":49,"column":49}},"16":{"start":{"line":50,"column":12},"end":{"line":50,"column":43}}},"branchMap":{"1":{"line":25,"type":"binary-expr","locations":[{"start":{"line":25,"column":23},"end":{"line":25,"column":62}},{"start":{"line":26,"column":20},"end":{"line":26,"column":70}},{"start":{"line":27,"column":20},"end":{"line":27,"column":71}},{"start":{"line":28,"column":20},"end":{"line":28,"column":29}}]},"2":{"line":30,"type":"binary-expr","locations":[{"start":{"line":30,"column":23},"end":{"line":30,"column":37}},{"start":{"line":31,"column":20},"end":{"line":31,"column":61}},{"start":{"line":32,"column":20},"end":{"line":32,"column":70}},{"start":{"line":33,"column":20},"end":{"line":33,"column":26}}]},"3":{"line":37,"type":"cond-expr","locations":[{"start":{"line":38,"column":14},"end":{"line":38,"column":20}},{"start":{"line":39,"column":14},"end":{"line":39,"column":20}}]},"4":{"line":41,"type":"binary-expr","locations":[{"start":{"line":41,"column":16},"end":{"line":41,"column":44}},{"start":{"line":41,"column":48},"end":{"line":41,"column":53}}]},"5":{"line":45,"type":"if","locations":[{"start":{"line":45,"column":8},"end":{"line":45,"column":8}},{"start":{"line":45,"column":8},"end":{"line":45,"column":8}}]}},"code":["/* istanbul instrument in package npmtest_websockets_streaming_audio */","/*jslint","    bitwise: true,","    browser: true,","    maxerr: 8,","    maxlen: 96,","    node: true,","    nomen: true,","    regexp: true,","    stupid: true","*/","(function () {","    'use strict';","    var local;","","","","    // run shared js-env code - pre-init","    (function () {","        // init local","        local = {};","        // init modeJs","        local.modeJs = (function () {","            try {","                return typeof navigator.userAgent === 'string' &&","                    typeof document.querySelector('body') === 'object' &&","                    typeof XMLHttpRequest.prototype.open === 'function' &&","                    'browser';","            } catch (errorCaughtBrowser) {","                return module.exports &&","                    typeof process.versions.node === 'string' &&","                    typeof require('http').createServer === 'function' &&","                    'node';","            }","        }());","        // init global","        local.global = local.modeJs === 'browser'","            ? window","            : global;","        // init utility2_rollup","        local = local.global.utility2_rollup || local;","        // init lib","        local.local = local.npmtest_websockets_streaming_audio = local;","        // init exports","        if (local.modeJs === 'browser') {","            local.global.utility2_npmtest_websockets_streaming_audio = local;","        } else {","            module.exports = local;","            module.exports.__dirname = __dirname;","            module.exports.module = module;","        }","    }());","}());",""],"l":{"12":2,"14":2,"19":2,"21":2,"23":2,"24":2,"25":2,"30":1,"37":2,"41":2,"43":2,"45":2,"46":1,"48":1,"49":1,"50":1}},"/home/travis/build/npmtest/node-npmtest-websockets-streaming-audio/example.js":{"path":"/home/travis/build/npmtest/node-npmtest-websockets-streaming-audio/example.js","s":{"1":2,"2":2,"3":2,"4":2,"5":2,"6":2,"7":2,"8":1,"9":2,"10":2,"11":2,"12":2,"13":1,"14":2,"15":2,"16":2,"17":2,"18":2,"19":0,"20":2,"21":1,"22":1,"23":1,"24":1,"25":1,"26":0,"27":0,"28":1,"29":1,"30":2,"31":0,"32":0,"33":0,"34":1,"35":2,"36":2,"37":3,"38":3,"39":3,"40":3,"41":0,"42":3,"43":3,"44":3,"45":1,"46":3,"47":1,"48":1,"49":1,"50":1,"51":1,"52":1,"53":1,"54":1,"55":1,"56":1,"57":0,"58":1,"59":6,"60":6,"61":1,"62":2,"63":0,"64":2,"65":1,"66":1,"67":0,"68":0,"69":0,"70":0,"71":0,"72":0,"73":0,"74":0,"75":0,"76":0,"77":0,"78":0,"79":0,"80":0,"81":0,"82":0,"83":0},"b":{"1":[2,1,1,1],"2":[1,1,1,1],"3":[1,1],"4":[2,2],"5":[1,1],"6":[1,1],"7":[2,0],"8":[2,1,1,1,1,1],"9":[0,2,0],"10":[1,1],"11":[2,1,1],"12":[1,0],"13":[0,2],"14":[2,0,0,0,0,0,0],"15":[0,3],"16":[3,0],"17":[1,1],"18":[0,1],"19":[1,2,0,2],"20":[1,0],"21":[1,1],"22":[0,0],"23":[0,0],"24":[0,0],"25":[0,0],"26":[0,0],"27":[0,0],"28":[0,0]},"f":{"1":2,"2":2,"3":2,"4":2,"5":2,"6":2,"7":3,"8":3,"9":3,"10":1,"11":6,"12":0},"fnMap":{"1":{"name":"(anonymous_1)","line":26,"loc":{"start":{"line":26,"column":1},"end":{"line":26,"column":13}}},"2":{"name":"(anonymous_2)","line":33,"loc":{"start":{"line":33,"column":5},"end":{"line":33,"column":17}}},"3":{"name":"(anonymous_3)","line":37,"loc":{"start":{"line":37,"column":24},"end":{"line":37,"column":36}}},"4":{"name":"(anonymous_4)","line":69,"loc":{"start":{"line":69,"column":31},"end":{"line":69,"column":48}},"skip":true},"5":{"name":"(anonymous_5)","line":78,"loc":{"start":{"line":78,"column":26},"end":{"line":78,"column":45}},"skip":true},"6":{"name":"(anonymous_6)","line":123,"loc":{"start":{"line":123,"column":33},"end":{"line":123,"column":48}},"skip":true},"7":{"name":"(anonymous_7)","line":125,"loc":{"start":{"line":125,"column":27},"end":{"line":125,"column":39}},"skip":true},"8":{"name":"(anonymous_8)","line":133,"loc":{"start":{"line":133,"column":59},"end":{"line":133,"column":74}},"skip":true},"9":{"name":"(anonymous_9)","line":143,"loc":{"start":{"line":143,"column":45},"end":{"line":143,"column":62}},"skip":true},"10":{"name":"(anonymous_10)","line":144,"loc":{"start":{"line":144,"column":73},"end":{"line":144,"column":92}},"skip":true},"11":{"name":"(anonymous_11)","line":272,"loc":{"start":{"line":272,"column":51},"end":{"line":272,"column":77}},"skip":true},"12":{"name":"(anonymous_12)","line":315,"loc":{"start":{"line":315,"column":32},"end":{"line":315,"column":61}},"skip":true}},"statementMap":{"1":{"start":{"line":26,"column":0},"end":{"line":326,"column":5}},"2":{"start":{"line":28,"column":4},"end":{"line":28,"column":14}},"3":{"start":{"line":33,"column":4},"end":{"line":60,"column":9}},"4":{"start":{"line":35,"column":8},"end":{"line":35,"column":19}},"5":{"start":{"line":37,"column":8},"end":{"line":49,"column":13}},"6":{"start":{"line":38,"column":12},"end":{"line":48,"column":13}},"7":{"start":{"line":39,"column":16},"end":{"line":42,"column":30}},"8":{"start":{"line":44,"column":16},"end":{"line":47,"column":27}},"9":{"start":{"line":51,"column":8},"end":{"line":53,"column":21}},"10":{"start":{"line":55,"column":8},"end":{"line":57,"column":45}},"11":{"start":{"line":59,"column":8},"end":{"line":59,"column":35}},"12":{"start":{"line":61,"column":4},"end":{"line":325,"column":5}},"13":{"start":{"line":69,"column":8},"end":{"line":121,"column":10},"skip":true},"14":{"start":{"line":70,"column":12},"end":{"line":88,"column":13},"skip":true},"15":{"start":{"line":76,"column":16},"end":{"line":87,"column":19},"skip":true},"16":{"start":{"line":79,"column":20},"end":{"line":86,"column":21},"skip":true},"17":{"start":{"line":82,"column":24},"end":{"line":82,"column":43},"skip":true},"18":{"start":{"line":83,"column":24},"end":{"line":83,"column":30},"skip":true},"19":{"start":{"line":85,"column":24},"end":{"line":85,"column":49},"skip":true},"20":{"start":{"line":89,"column":12},"end":{"line":107,"column":13},"skip":true},"21":{"start":{"line":92,"column":16},"end":{"line":102,"column":17},"skip":true},"22":{"start":{"line":93,"column":20},"end":{"line":93,"column":86},"skip":true},"23":{"start":{"line":94,"column":20},"end":{"line":95,"column":45},"skip":true},"24":{"start":{"line":96,"column":20},"end":{"line":96,"column":42},"skip":true},"25":{"start":{"line":97,"column":20},"end":{"line":97,"column":48},"skip":true},"26":{"start":{"line":100,"column":20},"end":{"line":100,"column":85},"skip":true},"27":{"start":{"line":101,"column":20},"end":{"line":101,"column":96},"skip":true},"28":{"start":{"line":103,"column":16},"end":{"line":103,"column":22},"skip":true},"29":{"start":{"line":106,"column":16},"end":{"line":106,"column":22},"skip":true},"30":{"start":{"line":108,"column":12},"end":{"line":120,"column":13},"skip":true},"31":{"start":{"line":114,"column":16},"end":{"line":119,"column":17},"skip":true},"32":{"start":{"line":116,"column":20},"end":{"line":116,"column":78},"skip":true},"33":{"start":{"line":118,"column":20},"end":{"line":118,"column":47},"skip":true},"34":{"start":{"line":123,"column":8},"end":{"line":141,"column":11},"skip":true},"35":{"start":{"line":124,"column":12},"end":{"line":124,"column":54},"skip":true},"36":{"start":{"line":125,"column":12},"end":{"line":140,"column":14},"skip":true},"37":{"start":{"line":126,"column":16},"end":{"line":126,"column":28},"skip":true},"38":{"start":{"line":127,"column":16},"end":{"line":127,"column":69},"skip":true},"39":{"start":{"line":128,"column":16},"end":{"line":128,"column":75},"skip":true},"40":{"start":{"line":129,"column":16},"end":{"line":131,"column":17},"skip":true},"41":{"start":{"line":130,"column":20},"end":{"line":130,"column":27},"skip":true},"42":{"start":{"line":133,"column":16},"end":{"line":137,"column":36},"skip":true},"43":{"start":{"line":134,"column":20},"end":{"line":136,"column":55},"skip":true},"44":{"start":{"line":139,"column":16},"end":{"line":139,"column":57},"skip":true},"45":{"start":{"line":143,"column":8},"end":{"line":147,"column":11},"skip":true},"46":{"start":{"line":144,"column":12},"end":{"line":146,"column":15},"skip":true},"47":{"start":{"line":145,"column":16},"end":{"line":145,"column":70},"skip":true},"48":{"start":{"line":149,"column":8},"end":{"line":149,"column":31},"skip":true},"49":{"start":{"line":150,"column":8},"end":{"line":150,"column":14},"skip":true},"50":{"start":{"line":158,"column":8},"end":{"line":158,"column":31},"skip":true},"51":{"start":{"line":160,"column":8},"end":{"line":160,"column":33},"skip":true},"52":{"start":{"line":161,"column":8},"end":{"line":161,"column":37},"skip":true},"53":{"start":{"line":162,"column":8},"end":{"line":162,"column":35},"skip":true},"54":{"start":{"line":164,"column":8},"end":{"line":164,"column":50},"skip":true},"55":{"start":{"line":166,"column":8},"end":{"line":256,"column":2},"skip":true},"56":{"start":{"line":258,"column":8},"end":{"line":286,"column":9},"skip":true},"57":{"start":{"line":259,"column":12},"end":{"line":269,"column":14},"skip":true},"58":{"start":{"line":271,"column":12},"end":{"line":285,"column":19},"skip":true},"59":{"start":{"line":274,"column":20},"end":{"line":274,"column":35},"skip":true},"60":{"start":{"line":275,"column":20},"end":{"line":284,"column":21},"skip":true},"61":{"start":{"line":277,"column":24},"end":{"line":277,"column":64},"skip":true},"62":{"start":{"line":279,"column":24},"end":{"line":279,"column":40},"skip":true},"63":{"start":{"line":281,"column":24},"end":{"line":281,"column":40},"skip":true},"64":{"start":{"line":283,"column":24},"end":{"line":283,"column":39},"skip":true},"65":{"start":{"line":288,"column":8},"end":{"line":290,"column":9},"skip":true},"66":{"start":{"line":289,"column":12},"end":{"line":289,"column":18},"skip":true},"67":{"start":{"line":291,"column":8},"end":{"line":293,"column":54},"skip":true},"68":{"start":{"line":296,"column":8},"end":{"line":301,"column":37},"skip":true},"69":{"start":{"line":303,"column":8},"end":{"line":303,"column":82},"skip":true},"70":{"start":{"line":306,"column":8},"end":{"line":308,"column":9},"skip":true},"71":{"start":{"line":307,"column":12},"end":{"line":307,"column":82},"skip":true},"72":{"start":{"line":310,"column":8},"end":{"line":312,"column":9},"skip":true},"73":{"start":{"line":311,"column":12},"end":{"line":311,"column":18},"skip":true},"74":{"start":{"line":313,"column":8},"end":{"line":313,"column":54},"skip":true},"75":{"start":{"line":314,"column":8},"end":{"line":314,"column":69},"skip":true},"76":{"start":{"line":315,"column":8},"end":{"line":323,"column":36},"skip":true},"77":{"start":{"line":316,"column":12},"end":{"line":316,"column":61},"skip":true},"78":{"start":{"line":317,"column":12},"end":{"line":320,"column":13},"skip":true},"79":{"start":{"line":318,"column":16},"end":{"line":318,"column":75},"skip":true},"80":{"start":{"line":319,"column":16},"end":{"line":319,"column":23},"skip":true},"81":{"start":{"line":321,"column":12},"end":{"line":321,"column":38},"skip":true},"82":{"start":{"line":322,"column":12},"end":{"line":322,"column":27},"skip":true},"83":{"start":{"line":324,"column":8},"end":{"line":324,"column":14},"skip":true}},"branchMap":{"1":{"line":39,"type":"binary-expr","locations":[{"start":{"line":39,"column":23},"end":{"line":39,"column":62}},{"start":{"line":40,"column":20},"end":{"line":40,"column":70}},{"start":{"line":41,"column":20},"end":{"line":41,"column":71}},{"start":{"line":42,"column":20},"end":{"line":42,"column":29}}]},"2":{"line":44,"type":"binary-expr","locations":[{"start":{"line":44,"column":23},"end":{"line":44,"column":37}},{"start":{"line":45,"column":20},"end":{"line":45,"column":61}},{"start":{"line":46,"column":20},"end":{"line":46,"column":70}},{"start":{"line":47,"column":20},"end":{"line":47,"column":26}}]},"3":{"line":51,"type":"cond-expr","locations":[{"start":{"line":52,"column":14},"end":{"line":52,"column":20}},{"start":{"line":53,"column":14},"end":{"line":53,"column":20}}]},"4":{"line":55,"type":"binary-expr","locations":[{"start":{"line":55,"column":16},"end":{"line":55,"column":44}},{"start":{"line":55,"column":49},"end":{"line":57,"column":43}}]},"5":{"line":55,"type":"cond-expr","locations":[{"start":{"line":56,"column":14},"end":{"line":56,"column":70}},{"start":{"line":57,"column":14},"end":{"line":57,"column":43}}]},"6":{"line":61,"type":"switch","locations":[{"start":{"line":68,"column":4},"end":{"line":150,"column":14},"skip":true},{"start":{"line":156,"column":4},"end":{"line":324,"column":14},"skip":true}]},"7":{"line":70,"type":"if","locations":[{"start":{"line":70,"column":12},"end":{"line":70,"column":12},"skip":true},{"start":{"line":70,"column":12},"end":{"line":70,"column":12},"skip":true}]},"8":{"line":70,"type":"binary-expr","locations":[{"start":{"line":70,"column":16},"end":{"line":70,"column":22},"skip":true},{"start":{"line":70,"column":27},"end":{"line":70,"column":32},"skip":true},{"start":{"line":71,"column":20},"end":{"line":71,"column":39},"skip":true},{"start":{"line":72,"column":20},"end":{"line":72,"column":49},"skip":true},{"start":{"line":73,"column":20},"end":{"line":73,"column":58},"skip":true},{"start":{"line":74,"column":20},"end":{"line":74,"column":69},"skip":true}]},"9":{"line":79,"type":"switch","locations":[{"start":{"line":80,"column":20},"end":{"line":80,"column":33},"skip":true},{"start":{"line":81,"column":20},"end":{"line":83,"column":30},"skip":true},{"start":{"line":84,"column":20},"end":{"line":85,"column":49},"skip":true}]},"10":{"line":89,"type":"switch","locations":[{"start":{"line":90,"column":12},"end":{"line":103,"column":22},"skip":true},{"start":{"line":105,"column":12},"end":{"line":106,"column":22},"skip":true}]},"11":{"line":89,"type":"binary-expr","locations":[{"start":{"line":89,"column":20},"end":{"line":89,"column":25},"skip":true},{"start":{"line":89,"column":29},"end":{"line":89,"column":48},"skip":true},{"start":{"line":89,"column":52},"end":{"line":89,"column":74},"skip":true}]},"12":{"line":92,"type":"if","locations":[{"start":{"line":92,"column":16},"end":{"line":92,"column":16},"skip":true},{"start":{"line":92,"column":16},"end":{"line":92,"column":16},"skip":true}]},"13":{"line":108,"type":"if","locations":[{"start":{"line":108,"column":12},"end":{"line":108,"column":12},"skip":true},{"start":{"line":108,"column":12},"end":{"line":108,"column":12},"skip":true}]},"14":{"line":108,"type":"binary-expr","locations":[{"start":{"line":108,"column":16},"end":{"line":108,"column":61},"skip":true},{"start":{"line":108,"column":66},"end":{"line":108,"column":72},"skip":true},{"start":{"line":108,"column":77},"end":{"line":108,"column":82},"skip":true},{"start":{"line":109,"column":20},"end":{"line":109,"column":39},"skip":true},{"start":{"line":110,"column":20},"end":{"line":110,"column":49},"skip":true},{"start":{"line":111,"column":20},"end":{"line":111,"column":58},"skip":true},{"start":{"line":112,"column":20},"end":{"line":112,"column":68},"skip":true}]},"15":{"line":129,"type":"if","locations":[{"start":{"line":129,"column":16},"end":{"line":129,"column":16},"skip":true},{"start":{"line":129,"column":16},"end":{"line":129,"column":16},"skip":true}]},"16":{"line":134,"type":"cond-expr","locations":[{"start":{"line":135,"column":26},"end":{"line":135,"column":29},"skip":true},{"start":{"line":136,"column":26},"end":{"line":136,"column":54},"skip":true}]},"17":{"line":164,"type":"binary-expr","locations":[{"start":{"line":164,"column":27},"end":{"line":164,"column":43},"skip":true},{"start":{"line":164,"column":47},"end":{"line":164,"column":49},"skip":true}]},"18":{"line":258,"type":"if","locations":[{"start":{"line":258,"column":8},"end":{"line":258,"column":8},"skip":true},{"start":{"line":258,"column":8},"end":{"line":258,"column":8},"skip":true}]},"19":{"line":275,"type":"switch","locations":[{"start":{"line":276,"column":20},"end":{"line":277,"column":64},"skip":true},{"start":{"line":278,"column":20},"end":{"line":279,"column":40},"skip":true},{"start":{"line":280,"column":20},"end":{"line":281,"column":40},"skip":true},{"start":{"line":282,"column":20},"end":{"line":283,"column":39},"skip":true}]},"20":{"line":288,"type":"if","locations":[{"start":{"line":288,"column":8},"end":{"line":288,"column":8},"skip":true},{"start":{"line":288,"column":8},"end":{"line":288,"column":8},"skip":true}]},"21":{"line":288,"type":"binary-expr","locations":[{"start":{"line":288,"column":12},"end":{"line":288,"column":40},"skip":true},{"start":{"line":288,"column":44},"end":{"line":288,"column":67},"skip":true}]},"22":{"line":292,"type":"binary-expr","locations":[{"start":{"line":292,"column":12},"end":{"line":292,"column":50},"skip":true},{"start":{"line":293,"column":12},"end":{"line":293,"column":53},"skip":true}]},"23":{"line":297,"type":"binary-expr","locations":[{"start":{"line":297,"column":12},"end":{"line":297,"column":84},"skip":true},{"start":{"line":298,"column":12},"end":{"line":301,"column":36},"skip":true}]},"24":{"line":303,"type":"binary-expr","locations":[{"start":{"line":303,"column":43},"end":{"line":303,"column":75},"skip":true},{"start":{"line":303,"column":79},"end":{"line":303,"column":81},"skip":true}]},"25":{"line":306,"type":"if","locations":[{"start":{"line":306,"column":8},"end":{"line":306,"column":8},"skip":true},{"start":{"line":306,"column":8},"end":{"line":306,"column":8},"skip":true}]},"26":{"line":310,"type":"if","locations":[{"start":{"line":310,"column":8},"end":{"line":310,"column":8},"skip":true},{"start":{"line":310,"column":8},"end":{"line":310,"column":8},"skip":true}]},"27":{"line":313,"type":"binary-expr","locations":[{"start":{"line":313,"column":27},"end":{"line":313,"column":43},"skip":true},{"start":{"line":313,"column":47},"end":{"line":313,"column":53},"skip":true}]},"28":{"line":317,"type":"if","locations":[{"start":{"line":317,"column":12},"end":{"line":317,"column":12},"skip":true},{"start":{"line":317,"column":12},"end":{"line":317,"column":12},"skip":true}]}},"code":["/*","example.js","","quickstart example","","instruction","    1. save this script as example.js","    2. run the shell command:","        $ npm install npmtest-websockets-streaming-audio && PORT=8081 node example.js","    3. play with the browser-demo on http://127.0.0.1:8081","*/","","","","/* istanbul instrument in package npmtest_websockets_streaming_audio */","/*jslint","    bitwise: true,","    browser: true,","    maxerr: 8,","    maxlen: 96,","    node: true,","    nomen: true,","    regexp: true,","    stupid: true","*/","(function () {","    'use strict';","    var local;","","","","    // run shared js-env code - pre-init","    (function () {","        // init local","        local = {};","        // init modeJs","        local.modeJs = (function () {","            try {","                return typeof navigator.userAgent === 'string' &&","                    typeof document.querySelector('body') === 'object' &&","                    typeof XMLHttpRequest.prototype.open === 'function' &&","                    'browser';","            } catch (errorCaughtBrowser) {","                return module.exports &&","                    typeof process.versions.node === 'string' &&","                    typeof require('http').createServer === 'function' &&","                    'node';","            }","        }());","        // init global","        local.global = local.modeJs === 'browser'","            ? window","            : global;","        // init utility2_rollup","        local = local.global.utility2_rollup || (local.modeJs === 'browser'","            ? local.global.utility2_npmtest_websockets_streaming_audio","            : global.utility2_moduleExports);","        // export local","        local.global.local = local;","    }());","    switch (local.modeJs) {","","","","    // post-init","    // run browser js-env code - post-init","    /* istanbul ignore next */","    case 'browser':","        local.testRunBrowser = function (event) {","            if (!event || (event &&","                    event.currentTarget &&","                    event.currentTarget.className &&","                    event.currentTarget.className.includes &&","                    event.currentTarget.className.includes('onreset'))) {","                // reset output","                Array.from(","                    document.querySelectorAll('body > .resettable')","                ).forEach(function (element) {","                    switch (element.tagName) {","                    case 'INPUT':","                    case 'TEXTAREA':","                        element.value = '';","                        break;","                    default:","                        element.textContent = '';","                    }","                });","            }","            switch (event && event.currentTarget && event.currentTarget.id) {","            case 'testRunButton1':","                // show tests","                if (document.querySelector('#testReportDiv1').style.display === 'none') {","                    document.querySelector('#testReportDiv1').style.display = 'block';","                    document.querySelector('#testRunButton1').textContent =","                        'hide internal test';","                    local.modeTest = true;","                    local.testRunDefault(local);","                // hide tests","                } else {","                    document.querySelector('#testReportDiv1').style.display = 'none';","                    document.querySelector('#testRunButton1').textContent = 'run internal test';","                }","                break;","            // custom-case","            default:","                break;","            }","            if (document.querySelector('#inputTextareaEval1') && (!event || (event &&","                    event.currentTarget &&","                    event.currentTarget.className &&","                    event.currentTarget.className.includes &&","                    event.currentTarget.className.includes('oneval')))) {","                // try to eval input-code","                try {","                    /*jslint evil: true*/","                    eval(document.querySelector('#inputTextareaEval1').value);","                } catch (errorCaught) {","                    console.error(errorCaught);","                }","            }","        };","        // log stderr and stdout to #outputTextareaStdout1","        ['error', 'log'].forEach(function (key) {","            console[key + '_original'] = console[key];","            console[key] = function () {","                var element;","                console[key + '_original'].apply(console, arguments);","                element = document.querySelector('#outputTextareaStdout1');","                if (!element) {","                    return;","                }","                // append text to #outputTextareaStdout1","                element.value += Array.from(arguments).map(function (arg) {","                    return typeof arg === 'string'","                        ? arg","                        : JSON.stringify(arg, null, 4);","                }).join(' ') + '\\n';","                // scroll textarea to bottom","                element.scrollTop = element.scrollHeight;","            };","        });","        // init event-handling","        ['change', 'click', 'keyup'].forEach(function (event) {","            Array.from(document.querySelectorAll('.on' + event)).forEach(function (element) {","                element.addEventListener(event, local.testRunBrowser);","            });","        });","        // run tests","        local.testRunBrowser();","        break;","","","","    // run node js-env code - post-init","    /* istanbul ignore next */","    case 'node':","        // export local","        module.exports = local;","        // require modules","        local.fs = require('fs');","        local.http = require('http');","        local.url = require('url');","        // init assets","        local.assetsDict = local.assetsDict || {};","        /* jslint-ignore-begin */","        local.assetsDict['/assets.index.template.html'] = '\\","<!doctype html>\\n\\","<html lang=\"en\">\\n\\","<head>\\n\\","<meta charset=\"UTF-8\">\\n\\","<meta name=\"viewport\" content=\"width=device-width, initial-scale=1\">\\n\\","<title>{{env.npm_package_name}} (v{{env.npm_package_version}})</title>\\n\\","<style>\\n\\","/*csslint\\n\\","    box-sizing: false,\\n\\","    universal-selector: false\\n\\","*/\\n\\","* {\\n\\","    box-sizing: border-box;\\n\\","}\\n\\","body {\\n\\","    background: #dde;\\n\\","    font-family: Arial, Helvetica, sans-serif;\\n\\","    margin: 2rem;\\n\\","}\\n\\","body > * {\\n\\","    margin-bottom: 1rem;\\n\\","}\\n\\",".utility2FooterDiv {\\n\\","    margin-top: 20px;\\n\\","    text-align: center;\\n\\","}\\n\\","</style>\\n\\","<style>\\n\\","/*csslint\\n\\","*/\\n\\","textarea {\\n\\","    font-family: monospace;\\n\\","    height: 10rem;\\n\\","    width: 100%;\\n\\","}\\n\\","textarea[readonly] {\\n\\","    background: #ddd;\\n\\","}\\n\\","</style>\\n\\","</head>\\n\\","<body>\\n\\","<!-- utility2-comment\\n\\","<div id=\"ajaxProgressDiv1\" style=\"background: #d00; height: 2px; left: 0; margin: 0; padding: 0; position: fixed; top: 0; transition: background 0.5s, width 1.5s; width: 25%;\"></div>\\n\\","utility2-comment -->\\n\\","<h1>\\n\\","<!-- utility2-comment\\n\\","    <a\\n\\","        {{#if env.npm_package_homepage}}\\n\\","        href=\"{{env.npm_package_homepage}}\"\\n\\","        {{/if env.npm_package_homepage}}\\n\\","        target=\"_blank\"\\n\\","    >\\n\\","utility2-comment -->\\n\\","        {{env.npm_package_name}} (v{{env.npm_package_version}})\\n\\","<!-- utility2-comment\\n\\","    </a>\\n\\","utility2-comment -->\\n\\","</h1>\\n\\","<h3>{{env.npm_package_description}}</h3>\\n\\","<!-- utility2-comment\\n\\","<h4><a download href=\"assets.app.js\">download standalone app</a></h4>\\n\\","<button class=\"onclick onreset\" id=\"testRunButton1\">run internal test</button><br>\\n\\","<div id=\"testReportDiv1\" style=\"display: none;\"></div>\\n\\","utility2-comment -->\\n\\","\\n\\","\\n\\","\\n\\","<label>stderr and stdout</label>\\n\\","<textarea class=\"resettable\" id=\"outputTextareaStdout1\" readonly></textarea>\\n\\","<!-- utility2-comment\\n\\","{{#if isRollup}}\\n\\","<script src=\"assets.app.js\"></script>\\n\\","{{#unless isRollup}}\\n\\","utility2-comment -->\\n\\","<script src=\"assets.utility2.rollup.js\"></script>\\n\\","<script src=\"jsonp.utility2._stateInit?callback=window.utility2._stateInit\"></script>\\n\\","<script src=\"assets.npmtest_websockets_streaming_audio.rollup.js\"></script>\\n\\","<script src=\"assets.example.js\"></script>\\n\\","<script src=\"assets.test.js\"></script>\\n\\","<!-- utility2-comment\\n\\","{{/if isRollup}}\\n\\","utility2-comment -->\\n\\","<div class=\"utility2FooterDiv\">\\n\\","    [ this app was created with\\n\\","    <a href=\"https://github.com/kaizhu256/node-utility2\" target=\"_blank\">utility2</a>\\n\\","    ]\\n\\","</div>\\n\\","</body>\\n\\","</html>\\n\\","';","        /* jslint-ignore-end */","        if (local.templateRender) {","            local.assetsDict['/'] = local.templateRender(","                local.assetsDict['/assets.index.template.html'],","                {","                    env: local.objectSetDefault(local.env, {","                        npm_package_description: 'the greatest app in the world!',","                        npm_package_name: 'my-app',","                        npm_package_nameAlias: 'my_app',","                        npm_package_version: '0.0.1'","                    })","                }","            );","        } else {","            local.assetsDict['/'] = local.assetsDict['/assets.index.template.html']","                .replace((/\\{\\{env\\.(\\w+?)\\}\\}/g), function (match0, match1) {","                    // jslint-hack","                    String(match0);","                    switch (match1) {","                    case 'npm_package_description':","                        return 'the greatest app in the world!';","                    case 'npm_package_name':","                        return 'my-app';","                    case 'npm_package_nameAlias':","                        return 'my_app';","                    case 'npm_package_version':","                        return '0.0.1';","                    }","                });","        }","        // run the cli","        if (local.global.utility2_rollup || module !== require.main) {","            break;","        }","        local.assetsDict['/assets.example.js'] =","            local.assetsDict['/assets.example.js'] ||","            local.fs.readFileSync(__filename, 'utf8');","        // bug-workaround - long $npm_package_buildCustomOrg","        /* jslint-ignore-begin */","        local.assetsDict['/assets.npmtest_websockets_streaming_audio.rollup.js'] =","            local.assetsDict['/assets.npmtest_websockets_streaming_audio.rollup.js'] ||","            local.fs.readFileSync(","                local.npmtest_websockets_streaming_audio.__dirname + '/lib.npmtest_websockets_streaming_audio.js',","                'utf8'","            ).replace((/^#!/), '//');","        /* jslint-ignore-end */","        local.assetsDict['/favicon.ico'] = local.assetsDict['/favicon.ico'] || '';","        // if $npm_config_timeout_exit exists,","        // then exit this process after $npm_config_timeout_exit ms","        if (Number(process.env.npm_config_timeout_exit)) {","            setTimeout(process.exit, Number(process.env.npm_config_timeout_exit));","        }","        // start server","        if (local.global.utility2_serverHttp1) {","            break;","        }","        process.env.PORT = process.env.PORT || '8081';","        console.error('server starting on port ' + process.env.PORT);","        local.http.createServer(function (request, response) {","            request.urlParsed = local.url.parse(request.url);","            if (local.assetsDict[request.urlParsed.pathname] !== undefined) {","                response.end(local.assetsDict[request.urlParsed.pathname]);","                return;","            }","            response.statusCode = 404;","            response.end();","        }).listen(process.env.PORT);","        break;","    }","}());",""],"l":{"26":2,"28":2,"33":2,"35":2,"37":2,"38":2,"39":2,"44":1,"51":2,"55":2,"59":2,"61":2,"69":1,"70":2,"76":2,"79":2,"82":2,"83":2,"85":1,"89":2,"92":1,"93":1,"94":1,"96":1,"97":1,"100":1,"101":1,"103":1,"106":1,"108":2,"114":1,"116":1,"118":1,"123":1,"124":2,"125":2,"126":3,"127":3,"128":3,"129":3,"130":1,"133":3,"134":3,"139":3,"143":1,"144":3,"145":1,"149":1,"150":1,"158":1,"160":1,"161":1,"162":1,"164":1,"166":1,"258":1,"259":1,"271":1,"274":6,"275":6,"277":1,"279":2,"281":1,"283":2,"288":1,"289":1,"291":1,"296":1,"303":1,"306":1,"307":1,"310":1,"311":1,"313":1,"314":1,"315":1,"316":1,"317":1,"318":1,"319":1,"321":1,"322":1,"324":1}},"/home/travis/build/npmtest/node-npmtest-websockets-streaming-audio/node_modules/websockets-streaming-audio/config/config.dev.js":{"path":"/home/travis/build/npmtest/node-npmtest-websockets-streaming-audio/node_modules/websockets-streaming-audio/config/config.dev.js","s":{"1":1,"2":1,"3":1,"4":1,"5":1},"b":{},"f":{},"fnMap":{},"statementMap":{"1":{"start":{"line":2,"column":0},"end":{"line":2,"column":40}},"2":{"start":{"line":4,"column":0},"end":{"line":4,"column":19}},"3":{"start":{"line":5,"column":0},"end":{"line":5,"column":33}},"4":{"start":{"line":10,"column":0},"end":{"line":10,"column":95}},"5":{"start":{"line":12,"column":0},"end":{"line":12,"column":24}}},"branchMap":{},"code":["","var config = require('./config.global');","","config.env = \"dev\";","config.hostname = 'test.example';","","//    media_path   <--  a double quote : delimited list of full paths to reach dirs containing ","//                                       audio media files  IE. song files in WAV format","","config.media_path = \"/home/stens/Dropbox/Documents/data/audio:/some/full/path/to/dir/of/files\";","","module.exports = config;","","",""],"l":{"2":1,"4":1,"5":1,"10":1,"12":1}},"/home/travis/build/npmtest/node-npmtest-websockets-streaming-audio/node_modules/websockets-streaming-audio/config/config.global.js":{"path":"/home/travis/build/npmtest/node-npmtest-websockets-streaming-audio/node_modules/websockets-streaming-audio/config/config.global.js","s":{"1":1,"2":1,"3":1,"4":1,"5":1,"6":1,"7":1},"b":{},"f":{},"fnMap":{},"statementMap":{"1":{"start":{"line":4,"column":0},"end":{"line":4,"column":33}},"2":{"start":{"line":6,"column":0},"end":{"line":6,"column":19}},"3":{"start":{"line":7,"column":0},"end":{"line":7,"column":36}},"4":{"start":{"line":9,"column":0},"end":{"line":9,"column":41}},"5":{"start":{"line":12,"column":0},"end":{"line":12,"column":30}},"6":{"start":{"line":14,"column":0},"end":{"line":14,"column":40}},"7":{"start":{"line":15,"column":0},"end":{"line":15,"column":72}}},"branchMap":{},"code":["","// put global vars here","","var config = module.exports = {};","","config.env = \"dev\";","config.hostname = \"dev.example.com\";","","config.absolute_or_relative = \"relative\"; // find below media_dir relative to directory where local_app.js lives","// config.absolute_or_relative = \"absolute\"; // find below media_dir as an absolute directory path","","config.media_dir = \"../media\";","","config.media_path_relative = \"../media\";","config.media_path_absolute = \"/home/stens/Dropbox/Documents/data/audio\";","","// config.media_dir = \"/home/stens/Videos/work\";","",""],"l":{"4":1,"6":1,"7":1,"9":1,"12":1,"14":1,"15":1}},"/home/travis/build/npmtest/node-npmtest-websockets-streaming-audio/node_modules/websockets-streaming-audio/config/config.prod.js":{"path":"/home/travis/build/npmtest/node-npmtest-websockets-streaming-audio/node_modules/websockets-streaming-audio/config/config.prod.js","s":{"1":1,"2":1,"3":1},"b":{},"f":{},"fnMap":{},"statementMap":{"1":{"start":{"line":2,"column":0},"end":{"line":2,"column":40}},"2":{"start":{"line":4,"column":0},"end":{"line":4,"column":20}},"3":{"start":{"line":7,"column":0},"end":{"line":7,"column":24}}},"branchMap":{},"code":["","var config = require('./config.global');","","config.env = \"prod\";","// config.hostname = 'test.example';","","module.exports = config;","","",""],"l":{"2":1,"4":1,"7":1}},"/home/travis/build/npmtest/node-npmtest-websockets-streaming-audio/node_modules/websockets-streaming-audio/src/app.js":{"path":"/home/travis/build/npmtest/node-npmtest-websockets-streaming-audio/node_modules/websockets-streaming-audio/src/app.js","s":{"1":2,"2":2,"3":2,"4":2,"5":2,"6":2,"7":2,"8":2,"9":2},"b":{},"f":{"1":2},"fnMap":{"1":{"name":"(anonymous_1)","line":2,"loc":{"start":{"line":2,"column":29},"end":{"line":2,"column":40}}}},"statementMap":{"1":{"start":{"line":2,"column":0},"end":{"line":24,"column":4}},"2":{"start":{"line":6,"column":0},"end":{"line":6,"column":81}},"3":{"start":{"line":8,"column":0},"end":{"line":8,"column":27}},"4":{"start":{"line":10,"column":0},"end":{"line":10,"column":44}},"5":{"start":{"line":12,"column":0},"end":{"line":12,"column":54}},"6":{"start":{"line":14,"column":0},"end":{"line":14,"column":41}},"7":{"start":{"line":16,"column":0},"end":{"line":16,"column":35}},"8":{"start":{"line":18,"column":0},"end":{"line":18,"column":33}},"9":{"start":{"line":20,"column":0},"end":{"line":20,"column":35}}},"branchMap":{},"code":["","var streaming_audio_server = function() {","","\"use strict\";","","console.log(require('../package.json').name, require('../package.json').version);","","var path = require('path');","","var working_dir = path.join(__dirname, \"/\");","","var working_app = path.join(working_dir, \"local_app\");","","console.log(\"working_app \", working_app);","","var app_obj = require(working_app);","","console.log(\"app_obj \", app_obj);","","app_obj.launch_server(working_dir);","","// -----------------------------------------------------------------------  //","","}(); //  streaming_audio_server = function()","",""],"l":{"2":2,"6":2,"8":2,"10":2,"12":2,"14":2,"16":2,"18":2,"20":2}},"/home/travis/build/npmtest/node-npmtest-websockets-streaming-audio/node_modules/websockets-streaming-audio/src/local_app.js":{"path":"/home/travis/build/npmtest/node-npmtest-websockets-streaming-audio/node_modules/websockets-streaming-audio/src/local_app.js","s":{"1":1,"2":2,"3":2,"4":2,"5":2,"6":2,"7":2,"8":2,"9":2,"10":2,"11":2,"12":0,"13":0,"14":0,"15":0,"16":0,"17":0,"18":0,"19":0,"20":0,"21":0,"22":0,"23":0,"24":0,"25":0,"26":0,"27":0,"28":0,"29":0,"30":0,"31":0,"32":0,"33":0,"34":0,"35":0,"36":0,"37":0,"38":0,"39":0,"40":0,"41":0,"42":0,"43":0,"44":0,"45":0,"46":0,"47":0,"48":0,"49":0,"50":0,"51":0,"52":0,"53":0,"54":0,"55":0,"56":1},"b":{"1":[2,0],"2":[0,0],"3":[0,0]},"f":{"1":2,"2":0,"3":0,"4":0,"5":0,"6":0,"7":0,"8":0,"9":0},"fnMap":{"1":{"name":"(anonymous_1)","line":2,"loc":{"start":{"line":2,"column":20},"end":{"line":2,"column":42}}},"2":{"name":"(anonymous_2)","line":63,"loc":{"start":{"line":63,"column":18},"end":{"line":63,"column":37}}},"3":{"name":"(anonymous_3)","line":78,"loc":{"start":{"line":78,"column":16},"end":{"line":78,"column":33}}},"4":{"name":"(anonymous_4)","line":94,"loc":{"start":{"line":94,"column":21},"end":{"line":94,"column":34}}},"5":{"name":"run","line":99,"loc":{"start":{"line":99,"column":5},"end":{"line":99,"column":20}}},"6":{"name":"(anonymous_6)","line":103,"loc":{"start":{"line":103,"column":55},"end":{"line":103,"column":66}}},"7":{"name":"(anonymous_7)","line":112,"loc":{"start":{"line":112,"column":21},"end":{"line":112,"column":45}}},"8":{"name":"(anonymous_8)","line":136,"loc":{"start":{"line":136,"column":19},"end":{"line":136,"column":35}}},"9":{"name":"(anonymous_9)","line":144,"loc":{"start":{"line":144,"column":19},"end":{"line":144,"column":30}}}},"statementMap":{"1":{"start":{"line":2,"column":0},"end":{"line":151,"column":2}},"2":{"start":{"line":6,"column":0},"end":{"line":6,"column":36}},"3":{"start":{"line":8,"column":0},"end":{"line":8,"column":81}},"4":{"start":{"line":10,"column":0},"end":{"line":10,"column":68}},"5":{"start":{"line":12,"column":0},"end":{"line":12,"column":63}},"6":{"start":{"line":15,"column":0},"end":{"line":15,"column":43}},"7":{"start":{"line":16,"column":0},"end":{"line":16,"column":27}},"8":{"start":{"line":17,"column":0},"end":{"line":17,"column":33}},"9":{"start":{"line":18,"column":0},"end":{"line":18,"column":20}},"10":{"start":{"line":19,"column":0},"end":{"line":19,"column":36}},"11":{"start":{"line":23,"column":0},"end":{"line":23,"column":31}},"12":{"start":{"line":25,"column":0},"end":{"line":25,"column":30}},"13":{"start":{"line":27,"column":0},"end":{"line":27,"column":45}},"14":{"start":{"line":29,"column":0},"end":{"line":29,"column":48}},"15":{"start":{"line":33,"column":0},"end":{"line":33,"column":32}},"16":{"start":{"line":35,"column":0},"end":{"line":35,"column":47}},"17":{"start":{"line":37,"column":0},"end":{"line":37,"column":50}},"18":{"start":{"line":43,"column":0},"end":{"line":43,"column":37}},"19":{"start":{"line":45,"column":0},"end":{"line":45,"column":36}},"20":{"start":{"line":47,"column":0},"end":{"line":47,"column":20}},"21":{"start":{"line":49,"column":0},"end":{"line":49,"column":49}},"22":{"start":{"line":53,"column":0},"end":{"line":53,"column":49}},"23":{"start":{"line":55,"column":0},"end":{"line":57,"column":3}},"24":{"start":{"line":59,"column":0},"end":{"line":59,"column":40}},"25":{"start":{"line":63,"column":0},"end":{"line":73,"column":3}},"26":{"start":{"line":65,"column":4},"end":{"line":72,"column":5}},"27":{"start":{"line":67,"column":8},"end":{"line":71,"column":9}},"28":{"start":{"line":69,"column":12},"end":{"line":70,"column":24}},"29":{"start":{"line":78,"column":0},"end":{"line":90,"column":3}},"30":{"start":{"line":80,"column":4},"end":{"line":80,"column":64}},"31":{"start":{"line":82,"column":4},"end":{"line":89,"column":5}},"32":{"start":{"line":84,"column":8},"end":{"line":88,"column":9}},"33":{"start":{"line":86,"column":12},"end":{"line":87,"column":24}},"34":{"start":{"line":94,"column":0},"end":{"line":149,"column":3}},"35":{"start":{"line":96,"column":4},"end":{"line":96,"column":70}},"36":{"start":{"line":98,"column":4},"end":{"line":98,"column":19}},"37":{"start":{"line":99,"column":4},"end":{"line":107,"column":9}},"38":{"start":{"line":101,"column":8},"end":{"line":101,"column":43}},"39":{"start":{"line":103,"column":8},"end":{"line":103,"column":70}},"40":{"start":{"line":106,"column":8},"end":{"line":106,"column":45}},"41":{"start":{"line":109,"column":4},"end":{"line":109,"column":45}},"42":{"start":{"line":112,"column":4},"end":{"line":132,"column":7}},"43":{"start":{"line":116,"column":8},"end":{"line":116,"column":26}},"44":{"start":{"line":118,"column":8},"end":{"line":129,"column":9}},"45":{"start":{"line":120,"column":12},"end":{"line":120,"column":54}},"46":{"start":{"line":124,"column":12},"end":{"line":125,"column":63}},"47":{"start":{"line":127,"column":12},"end":{"line":127,"column":37}},"48":{"start":{"line":128,"column":12},"end":{"line":128,"column":19}},"49":{"start":{"line":131,"column":8},"end":{"line":131,"column":60}},"50":{"start":{"line":136,"column":4},"end":{"line":140,"column":7}},"51":{"start":{"line":138,"column":8},"end":{"line":138,"column":58}},"52":{"start":{"line":139,"column":8},"end":{"line":139,"column":33}},"53":{"start":{"line":144,"column":4},"end":{"line":148,"column":7}},"54":{"start":{"line":146,"column":8},"end":{"line":146,"column":50}},"55":{"start":{"line":147,"column":8},"end":{"line":147,"column":33}},"56":{"start":{"line":153,"column":0},"end":{"line":153,"column":38}}},"branchMap":{"1":{"line":19,"type":"binary-expr","locations":[{"start":{"line":19,"column":11},"end":{"line":19,"column":27}},{"start":{"line":19,"column":31},"end":{"line":19,"column":35}}]},"2":{"line":67,"type":"if","locations":[{"start":{"line":67,"column":8},"end":{"line":67,"column":8}},{"start":{"line":67,"column":8},"end":{"line":67,"column":8}}]},"3":{"line":84,"type":"if","locations":[{"start":{"line":84,"column":8},"end":{"line":84,"column":8}},{"start":{"line":84,"column":8},"end":{"line":84,"column":8}}]}},"code":["","var launch_server = function(working_dir) {","","\"use strict\";","","console.log(\"TOP of launch_server\");","","console.log(require('../package.json').name, require('../package.json').version);","","var server_streaming_audio = require(\"./server_streaming_audio.js\");","","console.log(\"server_streaming_audio \", server_streaming_audio);","","","var WebSocketServer = require(\"ws\").Server;","var http = require(\"http\");","var express = require(\"express\");","var app = express();","var port = process.env.PORT || 8888;","","// ---","","var cfg = require(\"../config\");","","var media_dir = cfg.media_dir;","","console.log(\"here is media_dir \", media_dir);","","server_streaming_audio.set_media_dir(media_dir);","","","","var media_path = cfg.media_path;","","console.log(\"here is media_path \", media_path);","","server_streaming_audio.set_media_path(media_path);","","","","// ---","","app.use(express.static(working_dir)); // stens TODO - need to handle 404 file NOT found esp wav file","","var server = http.createServer(app);","","server.listen(port);","","console.log(\"http server listening on %d\", port);","","","","console.log(\"about to call new WebSocketServer\");","","var wss = new WebSocketServer({","    server: server","});","","console.log(\"websocket server created\");","","","","wss.on(\"headers\", function (headers) {","","    for (var curr_property in headers) {","","        if (headers.hasOwnProperty(curr_property)) {","","            console.log(\"headers property \" + curr_property + \" -->\" + headers[curr_property] +","                \"<-- \");","        }","    }","});","","","","","wss.on(\"error\", function (error) {","","    console.error(\"ERROR - seeing fault on WebSocketServer : \");","","    for (var curr_property in error) {","","        if (error.hasOwnProperty(curr_property)) {","","            console.log(\"error property \" + curr_property + \" -->\" + error[curr_property] +","                \"<-- \");","        }","    }","});","","","","wss.on(\"connection\", function(ws) {","","    console.log(\"OK cool ... just opened up a client connection ...\");","","    var ID_timeout;","    (function run() {  //  run immediately ... then repeat after delay","","        console.log(process.memoryUsage());","","        ws.send(JSON.stringify(process.memoryUsage()), function() {});","","        // ID_timeout = setTimeout(run, 60000);","        ID_timeout = setTimeout(run, 360000);","    }());","","    console.log(\"websocket connection open\");","","","    ws.on(\"message\", function(received_data) {","","        // console.log(\"\\n\\nReceived message --------------------\" + received_data);","","        var received_json;","","        try {","","            received_json = JSON.parse(received_data);","","        } catch (error) {","","            var error_msg = \"ERROR - received NON JSON message -->\" + error + \"<--\" +","                            \"received_data : \" + received_data;","","            console.error(error_msg);","            return;","        }","","        server_streaming_audio.route_msg(received_json, ws);","    });","","    // ---","","    ws.on(\"error\", function(event) {","","        var error_msg = \"ERROR on on on error : \" + event;","        console.error(error_msg);","    });","","    // ---","","    ws.on(\"close\", function() {","","        console.log(\"websocket connection close\");","        clearTimeout(ID_timeout);","    });","});","","};      //      launch_server","","exports.launch_server = launch_server;","","",""],"l":{"2":1,"6":2,"8":2,"10":2,"12":2,"15":2,"16":2,"17":2,"18":2,"19":2,"23":2,"25":0,"27":0,"29":0,"33":0,"35":0,"37":0,"43":0,"45":0,"47":0,"49":0,"53":0,"55":0,"59":0,"63":0,"65":0,"67":0,"69":0,"78":0,"80":0,"82":0,"84":0,"86":0,"94":0,"96":0,"98":0,"99":0,"101":0,"103":0,"106":0,"109":0,"112":0,"116":0,"118":0,"120":0,"124":0,"127":0,"128":0,"131":0,"136":0,"138":0,"139":0,"144":0,"146":0,"147":0,"153":1}},"/home/travis/build/npmtest/node-npmtest-websockets-streaming-audio/node_modules/websockets-streaming-audio/src/server_streaming_audio.js":{"path":"/home/travis/build/npmtest/node-npmtest-websockets-streaming-audio/node_modules/websockets-streaming-audio/src/server_streaming_audio.js","s":{"1":1,"2":1,"3":1,"4":1,"5":1,"6":1,"7":1,"8":1,"9":1,"10":1,"11":1,"12":1,"13":1,"14":1,"15":1,"16":1,"17":0,"18":1,"19":1,"20":1,"21":0,"22":1,"23":1,"24":0,"25":0,"26":0,"27":0,"28":0,"29":0,"30":0,"31":0,"32":0,"33":0,"34":1,"35":0,"36":0,"37":0,"38":0,"39":0,"40":0,"41":0,"42":1,"43":0,"44":1,"45":0,"46":0,"47":0,"48":0,"49":0,"50":0,"51":0,"52":0,"53":0,"54":0,"55":0,"56":0,"57":0,"58":0,"59":0,"60":0,"61":0,"62":0,"63":0,"64":0,"65":0,"66":0,"67":0,"68":0,"69":0,"70":0,"71":0,"72":0,"73":0,"74":0,"75":0,"76":0,"77":0,"78":0,"79":0,"80":0,"81":0,"82":0,"83":0,"84":0,"85":0,"86":0,"87":0,"88":0,"89":0,"90":0,"91":0,"92":0,"93":0,"94":0,"95":0,"96":0,"97":0,"98":0,"99":0,"100":0,"101":0,"102":0,"103":0,"104":0,"105":0,"106":0,"107":1,"108":1,"109":1,"110":1,"111":0,"112":0,"113":0,"114":0,"115":0,"116":0,"117":0,"118":0,"119":0,"120":1,"121":0,"122":0,"123":0,"124":0,"125":0,"126":0,"127":0,"128":0,"129":0,"130":0,"131":0,"132":0,"133":0,"134":0,"135":0,"136":0,"137":0,"138":0,"139":0,"140":0,"141":0,"142":0,"143":0,"144":0,"145":0,"146":0,"147":0,"148":1},"b":{"1":[0,0],"2":[0,0],"3":[0,0],"4":[0,0],"5":[0,0],"6":[0,0],"7":[0,0],"8":[0,0],"9":[0,0],"10":[0,0],"11":[0,0],"12":[0,0,0],"13":[0,0],"14":[0,0]},"f":{"1":1,"2":0,"3":0,"4":0,"5":0,"6":0,"7":0,"8":0,"9":0,"10":0,"11":0,"12":0,"13":0,"14":0,"15":0,"16":1,"17":0,"18":0,"19":0,"20":0,"21":0,"22":0},"fnMap":{"1":{"name":"(anonymous_1)","line":3,"loc":{"start":{"line":3,"column":30},"end":{"line":3,"column":42}}},"2":{"name":"(anonymous_2)","line":47,"loc":{"start":{"line":47,"column":20},"end":{"line":47,"column":46}}},"3":{"name":"(anonymous_3)","line":56,"loc":{"start":{"line":56,"column":21},"end":{"line":56,"column":48}}},"4":{"name":"(anonymous_4)","line":65,"loc":{"start":{"line":65,"column":24},"end":{"line":65,"column":60}}},"5":{"name":"(anonymous_5)","line":96,"loc":{"start":{"line":96,"column":35},"end":{"line":96,"column":72}}},"6":{"name":"(anonymous_6)","line":120,"loc":{"start":{"line":120,"column":21},"end":{"line":120,"column":54}}},"7":{"name":"stream_file_into_socket","line":127,"loc":{"start":{"line":127,"column":0},"end":{"line":127,"column":58}}},"8":{"name":"(anonymous_8)","line":139,"loc":{"start":{"line":139,"column":20},"end":{"line":139,"column":91}}},"9":{"name":"(anonymous_9)","line":149,"loc":{"start":{"line":149,"column":42},"end":{"line":149,"column":64}}},"10":{"name":"(anonymous_10)","line":185,"loc":{"start":{"line":185,"column":35},"end":{"line":185,"column":57}}},"11":{"name":"(anonymous_11)","line":245,"loc":{"start":{"line":245,"column":39},"end":{"line":245,"column":50}}},"12":{"name":"(anonymous_12)","line":253,"loc":{"start":{"line":253,"column":34},"end":{"line":253,"column":45}}},"13":{"name":"(anonymous_13)","line":264,"loc":{"start":{"line":264,"column":22},"end":{"line":264,"column":94}}},"14":{"name":"(anonymous_14)","line":305,"loc":{"start":{"line":305,"column":84},"end":{"line":305,"column":112}}},"15":{"name":"(anonymous_15)","line":325,"loc":{"start":{"line":325,"column":18},"end":{"line":325,"column":51}}},"16":{"name":"(anonymous_16)","line":343,"loc":{"start":{"line":343,"column":20},"end":{"line":343,"column":31}}},"17":{"name":"(anonymous_17)","line":350,"loc":{"start":{"line":350,"column":59},"end":{"line":350,"column":108}}},"18":{"name":"(anonymous_18)","line":370,"loc":{"start":{"line":370,"column":29},"end":{"line":370,"column":60}}},"19":{"name":"(anonymous_19)","line":374,"loc":{"start":{"line":374,"column":29},"end":{"line":374,"column":40}}},"20":{"name":"(anonymous_20)","line":378,"loc":{"start":{"line":378,"column":16},"end":{"line":378,"column":27}}},"21":{"name":"(anonymous_21)","line":387,"loc":{"start":{"line":387,"column":16},"end":{"line":387,"column":49}}},"22":{"name":"(anonymous_22)","line":472,"loc":{"start":{"line":472,"column":23},"end":{"line":472,"column":34}}}},"statementMap":{"1":{"start":{"line":3,"column":0},"end":{"line":518,"column":5}},"2":{"start":{"line":7,"column":0},"end":{"line":7,"column":25}},"3":{"start":{"line":8,"column":0},"end":{"line":8,"column":27}},"4":{"start":{"line":12,"column":0},"end":{"line":12,"column":43}},"5":{"start":{"line":16,"column":0},"end":{"line":16,"column":19}},"6":{"start":{"line":25,"column":0},"end":{"line":25,"column":34}},"7":{"start":{"line":26,"column":0},"end":{"line":26,"column":42}},"8":{"start":{"line":27,"column":0},"end":{"line":27,"column":40}},"9":{"start":{"line":29,"column":0},"end":{"line":33,"column":2}},"10":{"start":{"line":35,"column":0},"end":{"line":35,"column":23}},"11":{"start":{"line":36,"column":0},"end":{"line":36,"column":32}},"12":{"start":{"line":38,"column":0},"end":{"line":38,"column":32}},"13":{"start":{"line":39,"column":0},"end":{"line":39,"column":40}},"14":{"start":{"line":40,"column":0},"end":{"line":40,"column":27}},"15":{"start":{"line":46,"column":0},"end":{"line":46,"column":21}},"16":{"start":{"line":47,"column":0},"end":{"line":50,"column":2}},"17":{"start":{"line":49,"column":4},"end":{"line":49,"column":32}},"18":{"start":{"line":51,"column":0},"end":{"line":51,"column":38}},"19":{"start":{"line":55,"column":0},"end":{"line":55,"column":22}},"20":{"start":{"line":56,"column":0},"end":{"line":59,"column":2}},"21":{"start":{"line":58,"column":4},"end":{"line":58,"column":34}},"22":{"start":{"line":60,"column":0},"end":{"line":60,"column":40}},"23":{"start":{"line":65,"column":0},"end":{"line":92,"column":2}},"24":{"start":{"line":67,"column":4},"end":{"line":67,"column":82}},"25":{"start":{"line":68,"column":4},"end":{"line":68,"column":82}},"26":{"start":{"line":69,"column":4},"end":{"line":69,"column":82}},"27":{"start":{"line":71,"column":4},"end":{"line":75,"column":6}},"28":{"start":{"line":77,"column":4},"end":{"line":77,"column":52}},"29":{"start":{"line":78,"column":4},"end":{"line":78,"column":81}},"30":{"start":{"line":79,"column":4},"end":{"line":79,"column":52}},"31":{"start":{"line":81,"column":4},"end":{"line":81,"column":86}},"32":{"start":{"line":87,"column":4},"end":{"line":87,"column":25}},"33":{"start":{"line":91,"column":4},"end":{"line":91,"column":45}},"34":{"start":{"line":96,"column":0},"end":{"line":116,"column":2}},"35":{"start":{"line":98,"column":4},"end":{"line":98,"column":22}},"36":{"start":{"line":99,"column":4},"end":{"line":99,"column":31}},"37":{"start":{"line":101,"column":4},"end":{"line":109,"column":5}},"38":{"start":{"line":103,"column":8},"end":{"line":106,"column":9}},"39":{"start":{"line":105,"column":12},"end":{"line":105,"column":21}},"40":{"start":{"line":108,"column":8},"end":{"line":108,"column":68}},"41":{"start":{"line":115,"column":4},"end":{"line":115,"column":89}},"42":{"start":{"line":120,"column":0},"end":{"line":123,"column":2}},"43":{"start":{"line":122,"column":4},"end":{"line":122,"column":34}},"44":{"start":{"line":127,"column":0},"end":{"line":339,"column":1}},"45":{"start":{"line":129,"column":4},"end":{"line":129,"column":20}},"46":{"start":{"line":131,"column":4},"end":{"line":131,"column":23}},"47":{"start":{"line":133,"column":4},"end":{"line":133,"column":35}},"48":{"start":{"line":137,"column":4},"end":{"line":137,"column":27}},"49":{"start":{"line":139,"column":4},"end":{"line":260,"column":6}},"50":{"start":{"line":141,"column":8},"end":{"line":141,"column":95}},"51":{"start":{"line":143,"column":8},"end":{"line":143,"column":29}},"52":{"start":{"line":144,"column":8},"end":{"line":144,"column":36}},"53":{"start":{"line":145,"column":8},"end":{"line":145,"column":31}},"54":{"start":{"line":149,"column":8},"end":{"line":259,"column":11}},"55":{"start":{"line":151,"column":12},"end":{"line":151,"column":39}},"56":{"start":{"line":151,"column":25},"end":{"line":151,"column":37}},"57":{"start":{"line":153,"column":12},"end":{"line":153,"column":67}},"58":{"start":{"line":155,"column":12},"end":{"line":157,"column":14}},"59":{"start":{"line":165,"column":12},"end":{"line":165,"column":53}},"60":{"start":{"line":169,"column":12},"end":{"line":169,"column":73}},"61":{"start":{"line":171,"column":12},"end":{"line":171,"column":83}},"62":{"start":{"line":175,"column":12},"end":{"line":182,"column":63}},"63":{"start":{"line":185,"column":12},"end":{"line":241,"column":14}},"64":{"start":{"line":187,"column":16},"end":{"line":187,"column":68}},"65":{"start":{"line":189,"column":16},"end":{"line":208,"column":17}},"66":{"start":{"line":191,"column":20},"end":{"line":191,"column":112}},"67":{"start":{"line":193,"column":20},"end":{"line":193,"column":72}},"68":{"start":{"line":195,"column":20},"end":{"line":205,"column":21}},"69":{"start":{"line":199,"column":24},"end":{"line":199,"column":65}},"70":{"start":{"line":200,"column":24},"end":{"line":200,"column":74}},"71":{"start":{"line":201,"column":24},"end":{"line":204,"column":25}},"72":{"start":{"line":203,"column":28},"end":{"line":203,"column":72}},"73":{"start":{"line":207,"column":20},"end":{"line":207,"column":53}},"74":{"start":{"line":219,"column":16},"end":{"line":219,"column":41}},"75":{"start":{"line":220,"column":16},"end":{"line":220,"column":70}},"76":{"start":{"line":222,"column":16},"end":{"line":224,"column":74}},"77":{"start":{"line":231,"column":16},"end":{"line":231,"column":92}},"78":{"start":{"line":237,"column":16},"end":{"line":237,"column":36}},"79":{"start":{"line":239,"column":16},"end":{"line":239,"column":36}},"80":{"start":{"line":245,"column":12},"end":{"line":251,"column":15}},"81":{"start":{"line":247,"column":16},"end":{"line":250,"column":17}},"82":{"start":{"line":249,"column":20},"end":{"line":249,"column":46}},"83":{"start":{"line":253,"column":12},"end":{"line":258,"column":15}},"84":{"start":{"line":255,"column":16},"end":{"line":255,"column":61}},"85":{"start":{"line":264,"column":4},"end":{"line":321,"column":6}},"86":{"start":{"line":272,"column":8},"end":{"line":276,"column":10}},"87":{"start":{"line":280,"column":8},"end":{"line":280,"column":87}},"88":{"start":{"line":284,"column":8},"end":{"line":299,"column":9}},"89":{"start":{"line":286,"column":12},"end":{"line":291,"column":14}},"90":{"start":{"line":293,"column":12},"end":{"line":293,"column":61}},"91":{"start":{"line":294,"column":12},"end":{"line":294,"column":35}},"92":{"start":{"line":295,"column":12},"end":{"line":295,"column":82}},"93":{"start":{"line":296,"column":12},"end":{"line":296,"column":61}},"94":{"start":{"line":298,"column":12},"end":{"line":298,"column":19}},"95":{"start":{"line":303,"column":8},"end":{"line":303,"column":36}},"96":{"start":{"line":305,"column":8},"end":{"line":320,"column":11}},"97":{"start":{"line":307,"column":12},"end":{"line":319,"column":13}},"98":{"start":{"line":309,"column":16},"end":{"line":309,"column":37}},"99":{"start":{"line":310,"column":16},"end":{"line":310,"column":23}},"100":{"start":{"line":314,"column":16},"end":{"line":314,"column":81}},"101":{"start":{"line":316,"column":16},"end":{"line":316,"column":66}},"102":{"start":{"line":318,"column":16},"end":{"line":318,"column":88}},"103":{"start":{"line":325,"column":4},"end":{"line":330,"column":6}},"104":{"start":{"line":327,"column":8},"end":{"line":327,"column":27}},"105":{"start":{"line":329,"column":8},"end":{"line":329,"column":29}},"106":{"start":{"line":332,"column":4},"end":{"line":338,"column":6}},"107":{"start":{"line":343,"column":0},"end":{"line":383,"column":5}},"108":{"start":{"line":345,"column":4},"end":{"line":345,"column":35}},"109":{"start":{"line":346,"column":4},"end":{"line":346,"column":30}},"110":{"start":{"line":348,"column":4},"end":{"line":382,"column":6}},"111":{"start":{"line":352,"column":12},"end":{"line":368,"column":13}},"112":{"start":{"line":354,"column":16},"end":{"line":354,"column":43}},"113":{"start":{"line":356,"column":16},"end":{"line":356,"column":86}},"114":{"start":{"line":360,"column":16},"end":{"line":360,"column":111}},"115":{"start":{"line":364,"column":16},"end":{"line":367,"column":17}},"116":{"start":{"line":366,"column":20},"end":{"line":366,"column":72}},"117":{"start":{"line":372,"column":12},"end":{"line":372,"column":50}},"118":{"start":{"line":376,"column":12},"end":{"line":376,"column":34}},"119":{"start":{"line":380,"column":12},"end":{"line":380,"column":39}},"120":{"start":{"line":387,"column":0},"end":{"line":515,"column":2}},"121":{"start":{"line":397,"column":4},"end":{"line":397,"column":58}},"122":{"start":{"line":399,"column":4},"end":{"line":403,"column":5}},"123":{"start":{"line":401,"column":8},"end":{"line":401,"column":94}},"124":{"start":{"line":409,"column":4},"end":{"line":428,"column":5}},"125":{"start":{"line":411,"column":8},"end":{"line":411,"column":41}},"126":{"start":{"line":415,"column":8},"end":{"line":415,"column":54}},"127":{"start":{"line":416,"column":8},"end":{"line":416,"column":37}},"128":{"start":{"line":418,"column":8},"end":{"line":418,"column":60}},"129":{"start":{"line":420,"column":8},"end":{"line":427,"column":9}},"130":{"start":{"line":422,"column":12},"end":{"line":422,"column":60}},"131":{"start":{"line":426,"column":12},"end":{"line":426,"column":73}},"132":{"start":{"line":434,"column":4},"end":{"line":514,"column":5}},"133":{"start":{"line":442,"column":12},"end":{"line":457,"column":13}},"134":{"start":{"line":444,"column":16},"end":{"line":456,"column":17}},"135":{"start":{"line":453,"column":20},"end":{"line":453,"column":111}},"136":{"start":{"line":455,"column":20},"end":{"line":455,"column":26}},"137":{"start":{"line":465,"column":12},"end":{"line":465,"column":33}},"138":{"start":{"line":472,"column":12},"end":{"line":477,"column":29}},"139":{"start":{"line":474,"column":16},"end":{"line":475,"column":96}},"140":{"start":{"line":479,"column":12},"end":{"line":479,"column":18}},"141":{"start":{"line":496,"column":16},"end":{"line":496,"column":66}},"142":{"start":{"line":497,"column":16},"end":{"line":497,"column":66}},"143":{"start":{"line":498,"column":16},"end":{"line":498,"column":66}},"144":{"start":{"line":500,"column":16},"end":{"line":500,"column":55}},"145":{"start":{"line":503,"column":12},"end":{"line":503,"column":18}},"146":{"start":{"line":508,"column":12},"end":{
[...]
n":52}},"127":{"start":{"line":501,"column":5},"end":{"line":501,"column":72}},"128":{"start":{"line":503,"column":5},"end":{"line":503,"column":11}},"129":{"start":{"line":508,"column":5},"end":{"line":509,"column":46}},"130":{"start":{"line":515,"column":3},"end":{"line":516,"column":50}},"131":{"start":{"line":521,"column":2},"end":{"line":522,"column":53}}},"branchMap":{"1":{"line":47,"type":"if","locations":[{"start":{"line":47,"column":8},"end":{"line":47,"column":8}},{"start":{"line":47,"column":8},"end":{"line":47,"column":8}}]},"2":{"line":47,"type":"binary-expr","locations":[{"start":{"line":47,"column":12},"end":{"line":47,"column":65}},{"start":{"line":47,"column":70},"end":{"line":47,"column":86}}]},"3":{"line":49,"type":"if","locations":[{"start":{"line":49,"column":13},"end":{"line":49,"column":13}},{"start":{"line":49,"column":13},"end":{"line":49,"column":13}}]},"4":{"line":51,"type":"if","locations":[{"start":{"line":51,"column":13},"end":{"line":51,"column":13}},{"start":{"line":51,"column":13},"end":{"line":51,"column":13}}]},"5":{"line":119,"type":"if","locations":[{"start":{"line":119,"column":1},"end":{"line":119,"column":1}},{"start":{"line":119,"column":1},"end":{"line":119,"column":1}}]},"6":{"line":172,"type":"switch","locations":[{"start":{"line":174,"column":2},"end":{"line":179,"column":3}},{"start":{"line":181,"column":2},"end":{"line":186,"column":3}},{"start":{"line":188,"column":2},"end":{"line":193,"column":3}},{"start":{"line":195,"column":2},"end":{"line":198,"column":3}}]},"7":{"line":278,"type":"if","locations":[{"start":{"line":278,"column":12},"end":{"line":278,"column":12}},{"start":{"line":278,"column":12},"end":{"line":278,"column":12}}]},"8":{"line":283,"type":"if","locations":[{"start":{"line":283,"column":12},"end":{"line":283,"column":12}},{"start":{"line":283,"column":12},"end":{"line":283,"column":12}}]},"9":{"line":290,"type":"if","locations":[{"start":{"line":290,"column":12},"end":{"line":290,"column":12}},{"start":{"line":290,"column":12},"end":{"line":290,"column":12}}]},"10":{"line":373,"type":"if","locations":[{"start":{"line":373,"column":1},"end":{"line":373,"column":1}},{"start":{"line":373,"column":1},"end":{"line":373,"column":1}}]},"11":{"line":375,"type":"if","locations":[{"start":{"line":375,"column":2},"end":{"line":375,"column":2}},{"start":{"line":375,"column":2},"end":{"line":375,"column":2}}]},"12":{"line":393,"type":"if","locations":[{"start":{"line":393,"column":1},"end":{"line":393,"column":1}},{"start":{"line":393,"column":1},"end":{"line":393,"column":1}}]},"13":{"line":401,"type":"if","locations":[{"start":{"line":401,"column":2},"end":{"line":401,"column":2}},{"start":{"line":401,"column":2},"end":{"line":401,"column":2}}]},"14":{"line":405,"type":"switch","locations":[{"start":{"line":407,"column":4},"end":{"line":414,"column":5}},{"start":{"line":416,"column":4},"end":{"line":434,"column":5}},{"start":{"line":436,"column":4},"end":{"line":483,"column":5}},{"start":{"line":485,"column":4},"end":{"line":490,"column":5}},{"start":{"line":492,"column":4},"end":{"line":504,"column":5}},{"start":{"line":506,"column":4},"end":{"line":510,"column":5}}]},"15":{"line":424,"type":"if","locations":[{"start":{"line":424,"column":5},"end":{"line":424,"column":5}},{"start":{"line":424,"column":5},"end":{"line":424,"column":5}}]}},"code":["","importScripts('common_utils.js');","importScripts('shared_utils.js');","importScripts('ww_client_socket.js');","","// ---------------------------------- //","","// function log(msg) {","","// \t// var object = {","// \t// \ttype: 'debug',","// \t// \tmsg: common_utils.source() + msg + ' [' + common_utils.time() + ']'","// \t// };","","// \tvar object = {","// \t\ttype: 'debug',","// \t\tmsg: common_utils.source() + msg","// \t};","","//   self.postMessage(object);","// }","","","","// var console = (function() {","","//     return {","","//         log : function(given_str) {","","//             send_console_to_browser(given_str);","//         }","//     };","// }());","","","","var send_console_to_browser = (function() {","// var console = (function() {","","    function getScriptName() {","        var error = new Error();","        var source = null;","        var lastStackFrameRegex = new RegExp(/.+\\/(.*?):\\d+(:\\d+)*$/);","        var currentStackFrameRegex = new RegExp(/getScriptName \\(.+\\/(.*):\\d+:\\d+\\)/);","","        if((source = lastStackFrameRegex.exec(error.stack.trim())) && source[1] !== \"\")","            return source[1];","        else if((source = currentStackFrameRegex.exec(error.stack.trim())))","            return source[1];","        else if(error.fileName !== undefined)","            return error.fileName;","    }","","    return {","","        log : function(given_str) {","","\t\t\tvar log_object = {","","\t\t\t\ttype: 'debug',","\t\t\t\tmsg: common_utils.source() + given_str,","\t\t\t\tscript_name : getScriptName()","\t\t\t};","","\t\t\tself.postMessage(log_object);","        }","    };","}());","","","","","// ---","","var manage_buffer_processing = (function() {","","\tvar curr_mode_send_to_browser_or_ww = null;","","\treturn {","","\t\tset_mode : function(given_mode) {","","\t\t\tcurr_mode_send_to_browser_or_ww = given_mode;","","\t\t\t// console.log(\"manage_buffer_processing\");","\t\t\t// console.log(curr_mode_send_to_browser_or_ww);","\t\t},","\t\tget_mode : function() {","","\t\t\treturn curr_mode_send_to_browser_or_ww;","\t\t}","\t};","}());","","function send_to_ww_queue(given_audio_obj_from_server) {","","    var curr_buffer_obj = {};","","\tcurr_buffer_obj.buffer = new Float32Array(given_audio_obj_from_server.buffer);","","\tvar size_buffer = curr_buffer_obj.buffer.length;","","\t// console.log(\"ww TOP send_to_browser_queue length \" + size_buffer);","","\t// for (var i = 0; i < size_buffer; i++) {","","\t// \tcurr_buffer_obj.buffer[i] = given_audio_obj_from_server.buffer[i];","","\t// \t// if (i < 1) {","\t// \t// \tconsole.log(\"cb \" + float_array[i]);","\t// \t// }","\t// }","","    queue_first_in_first_out.push(curr_buffer_obj);","","    // ---","","\tif (queue_first_in_first_out.is_production_possible()) {","","\t\tvar msgs_to_server = manage_message.get_msg().mode_stream_audio_to_client;","","\t\t// shared_utils.show_object(msgs_to_server, \"ggggggggggggggg msgs_to_server\", \"total\", 10);","","\t\tww_client_socket.socket_client(msgs_to_server);","","    } else {","","    \t// console.log(\"at this point ww queue is full and browser is consuming its own queue\");","    \t// console.log(\"when browser queue drains to min threshold then browser will consume\");","    \t// console.log(\"ww queue until browser queue is full at which point it toggles back into\");","    \t// console.log(\"mode where ww queue gets filled by server ... yet once again\");","    }","}","","function send_to_browser_queue(given_audio_obj) {","","\t// var size_buffer = given_audio_obj.buffer.length;","","\t// * Float32Array.BYTES_PER_ELEMENT","","\t// console.log(given_audio_obj);","","\t// array_buffer = new ArrayBuffer(given_audio_obj.buffer.byteLength);","\t// float_array = new Float32Array(array_buffer);","\tvar float_array = new Float32Array(given_audio_obj.buffer);","","\tvar size_buffer = float_array.length;","","\t// console.log(\"ww TOP send_to_browser_queue length \" + size_buffer);","","\t// for (var i = 0; i < size_buffer; i++) {","","\t// \tfloat_array[i] = given_audio_obj.buffer[i];","","\t// \t// if (i < 1) {","\t// \t// \tconsole.log(\"cb \" + float_array[i]);","\t// \t// }","\t// }","","\t// console.log(\"cb \" + float_array[0]);","","\tself.postMessage(float_array.buffer, [float_array.buffer]); // sending array back to browser","}","","function cb_receive_buffer_from_server(given_audio_obj_from_server) {","","\tvar curr_mode = manage_buffer_processing.get_mode();","","\t// console.log(\"cb_receive_buffer_from_server \" + curr_mode);","","\tswitch (curr_mode) {","","\t\tcase \"ww_get_audio_from_server\" : {","","\t\t\tsend_to_ww_queue(given_audio_obj_from_server);","","\t\t\tbreak;","\t\t}","","\t\tcase \"browser_get_audio_from_ww\" : {","","\t\t\tsend_to_ww_queue(given_audio_obj_from_server);","","\t\t\tbreak;","\t\t}","","\t\tcase \"browser_get_audio_from_server\" : {","","\t\t\tsend_to_browser_queue(given_audio_obj_from_server);","","\t\t\tbreak;","\t\t}","","\t\tdefault : {","","\t\t\tthrow new Error(\"ERROR - invalid cb for buffer from server : \" + curr_mode);","\t\t}","\t}","}","","function cb_send_file_header(given_json_obj) {","","\t// console.log(\"sending file header back to browser\");","","\tself.postMessage(JSON.stringify(given_json_obj));","}","","function cb_stream_is_complete(given_max_index) {","","\tsend_console_to_browser.log(\"cb_stream_is_complete ... given_max_index \" + given_max_index);","","\t// bbbbbbbbbbbb","","\tqueue_first_in_first_out.set_max_index(given_max_index);","\tqueue_first_in_first_out.set_streaming_is_done();","","\tself.postMessage(JSON.stringify({","\t\tww_directed_mode : \"streaming_is_done\",","\t\tmax_index : given_max_index","\t}));","}","","var queue_first_in_first_out = (function() { // first in first out queue","","\t// console.log(\"iiiiiiiiiiiiii  TOP queue_first_in_first_out\");","","    var queue_first_in_first_out_obj = {};","    var push_index = 0;","    var pop_index = 0;","    var curr_size_ww_queue = 0;    // number of entries currently in queue","    var max_size_ww_queue = null;   // maximum queue size","","    var streaming_is_done = false; // supplied only after end of source media has been reached","    var max_index = null;          // supplied only after end of source media has been reached","","    return {","","        is_production_possible : function() {","","        \t// console.log(\"INNN is_production_possible max_size_ww_queue \" + max_size_ww_queue +","        \t// \t\" ... curr_size_ww_queue \" + curr_size_ww_queue + ","        \t// \t\"   ANSWER \" + (curr_size_ww_queue < max_size_ww_queue));","","        \t// console.log(\"kkkkkkkkkkkkkkkkk    is_WW_production_possible ... curr_size_ww_queue \" + ","        \t// \t\t\tcurr_size_ww_queue + \"  \" + (curr_size_ww_queue < max_size_ww_queue));","","            return (curr_size_ww_queue < max_size_ww_queue);","            // return ((curr_size_ww_queue < max_size_ww_queue) ? true : false);","        },","        push : function(given_audio_obj_from_server) { // execute production","","            // if (! queue_first_in_first_out.is_production_possible()) {","","            //     throw new Error(\"ERROR - called push when production is NOT possible\");","            //     return;","            // }","","            // console.log(\"curr_size_ww_queue \", curr_size_ww_queue, ","            // \t\t  \"   max_size_ww_queue \", max_size_ww_queue);","","            queue_first_in_first_out_obj[push_index] = given_audio_obj_from_server;","","            push_index += 1;","            curr_size_ww_queue += 1;   // increment queue size","","            // console.log(\"OK push ... curr_size_ww_queue \", curr_size_ww_queue);","        },","        is_consumption_possible : function() {","","        \t// console.log(\"toooooooooooooop is_WW_consumption_possible ... curr_size_ww_queue \" + ","        \t// \t\t\tcurr_size_ww_queue + \"   \" + (curr_size_ww_queue > 0));","","            return (curr_size_ww_queue > 0);","        },","        pop : function() {\t// execute consumption","","            if (! queue_first_in_first_out.is_consumption_possible()) {","","                throw new Error(\"ERROR - called pop when consumption is NOT possible\");","            }","","            if (pop_index > 0) {","","                delete queue_first_in_first_out_obj[pop_index - 1]; // destroy previously consumed entry","","                // console.log(\"about to delete queue_first_in_first_out_obj ... pop_index \", pop_index - 1);","            }","","            if (pop_index < push_index) {","","                curr_size_ww_queue -= 1;   // decrement queue size","","                // log(\"WW queue  \" + curr_size_ww_queue);","","                console.log(\"WW queue  \" + curr_size_ww_queue);","","                return (queue_first_in_first_out_obj[pop_index++]);","            }","        },","        set_max_size_ww_queue : function(given_max_size_ww_queue) {","","            max_size_ww_queue = given_max_size_ww_queue;","","            console.log(\"set_max_size_ww_queue    max_size_ww_queue  \", max_size_ww_queue);","        },","        set_max_index : function(given_max_index) {","","        \tmax_index = given_max_index;","        },","        set_streaming_is_done : function() {","","        \tstreaming_is_done = true;","        },","        get_streaming_is_done : function() {","","        \treturn streaming_is_done;","        }","        // get_curr_size_ww_queue : function() {","","        // \treturn curr_size_ww_queue;","        // }","        // get_max_size_ww_queue : function() {","","        // \treturn max_size_ww_queue;","        // }","    };","})();       //      queue_first_in_first_out","","var manage_message = (function() {","","\tvar msgs_to_server = null;","","\treturn {","","\t\tset_msg : function(given_msgs_to_server) {","","\t\t\tmsgs_to_server = given_msgs_to_server;","","\t\t\t// console.log(\"msgs_to_server \" + msgs_to_server);","\t\t},","\t\tget_msg : function() {","","\t\t\treturn msgs_to_server;","\t\t}","\t};","}());","","var setup_stream_audio_from_server = function(msgs_to_server) {","","\t// console.log(\"tttttttttttttt setup_stream_audio_from_server ............................\");","","","    // shared_utils.show_object(msgs_to_server, \"ooooooooooooooooooooo  msgs_to_server \", \"total\", 10);","","","","\tmanage_message.set_msg(msgs_to_server);","","\tww_client_socket.set_cb_for_client(cb_receive_buffer_from_server);","","\tww_client_socket.set_stream_is_complete_cb(cb_stream_is_complete);","","\tww_client_socket.set_send_file_header_cb(cb_send_file_header);","","\tqueue_first_in_first_out.set_max_size_ww_queue(msgs_to_server.mode_stream_audio_to_client.ww_queue_max_size);","","\t// console.log(\"bbbbbbbbbbbbb setup_stream_audio_from_server ............................\");","};","","function drain_ww_queue_send_to_browser() {","","\tif (! queue_first_in_first_out.is_consumption_possible()) {","","\t\tif (queue_first_in_first_out.get_streaming_is_done()) {","","\t\t\tconsole.log(\"streaming_is_done and ww queue is empty so just return\");","","\t\t\t// bbbbbbbbbb  link flag_connection_active from client socket to","\t\t\t//\t\tavoid loop","","\t\t\treturn;","\t\t}","","\t\treturn;","\t}","","\tsend_to_browser_queue(queue_first_in_first_out.pop());","}","","self.onmessage = function(event) {\t//    retrieved a message from browser","","\tif (typeof event.data === \"string\") {","","\t\t// console.log(event.data);","","\t\tvar received_json = JSON.parse(event.data);","","\t\t// shared_utils.show_object(received_json, \"WWWWWWWWWWWW received_json\", \"total\", 10);","","\t\tif (typeof received_json.browser_directed_mode !== \"undefined\") {","","\t\t\t// console.log(\"received_json.browser_directed_mode \" + received_json.browser_directed_mode);","","\t\t\tswitch (received_json.browser_directed_mode) { // mode 3","","\t\t\t\tcase \"browser_get_audio_from_ww\" : {","","\t\t\t\t\tmanage_buffer_processing.set_mode(received_json.browser_directed_mode);","","\t\t\t\t\tdrain_ww_queue_send_to_browser();","","\t\t\t\t\tbreak;","\t\t\t\t}","","\t\t\t\tcase \"ww_get_audio_from_server\" : { // mode 2","","\t\t\t\t\t// stens TODO - flip callback which retrieves data from server","","\t\t\t\t\t// console.log(\"wswswswswswswswswsws    ww_get_audio_from_server\");","","\t\t\t\t\tmanage_buffer_processing.set_mode(received_json.browser_directed_mode);","","\t\t\t\t\tif (queue_first_in_first_out.is_production_possible()) {","","\t\t\t\t\t\tww_client_socket.socket_client(received_json);","","\t\t\t\t\t} else {","","\t\t\t\t\t\t// console.log(\"booo hoo is_production_possible says NNNOOOOOOOOOOO\");","\t\t\t\t\t}","","\t\t\t\t\tbreak;","\t\t\t\t}","","\t\t\t\tcase \"browser_get_audio_from_server\" : { // mode 1","","\t\t\t\t\t// console.log(\"bsbs bsbsbsbs bsbsbsbs bsbs    browser_get_audio_from_server\");","","\t\t\t\t\t// -----------","","\t\t\t\t\t// for (var curr_property in received_json) {","","\t\t\t\t\t// \tif (received_json.hasOwnProperty(curr_property)) {","","\t\t\t\t\t// \t\tconsole.log(\"received_json property \" + curr_property);","\t\t\t\t\t// \t}","\t\t\t\t\t// }","","\t\t\t\t\t// ------------","","\t\t\t\t\tmanage_buffer_processing.set_mode(received_json.browser_directed_mode);","","\t\t\t\t\t// ---","","// mode_stop_streaming              MIGHT need to do below to THIS mode as well","// mode_stream_audio_to_client","","\t\t\t\t\tvar msgs_to_server = manage_message.get_msg();","","\t\t\t\t\tvar specific_mode_stream = msgs_to_server.mode_stream_audio_to_client;","\t\t\t\t\tvar specific_mode_stop   = msgs_to_server.mode_stop_streaming;","","\t\t\t\t\tspecific_mode_stream.request_number   = received_json.request_number;","\t\t\t\t\tspecific_mode_stream.requested_source = received_json.requested_source;","\t\t\t\t\t","\t\t\t\t\tspecific_mode_stop.request_number   = received_json.request_number;","\t\t\t\t\tspecific_mode_stop.requested_source = received_json.requested_source;","","\t\t\t\t\tmsgs_to_server.mode_stream_audio_to_client = specific_mode_stream;","\t\t\t\t\tmsgs_to_server.mode_stop_streaming = specific_mode_stop;","","\t\t\t\t\tmanage_message.set_msg(msgs_to_server);","","\t\t\t\t\t// ---","","\t\t\t\t\t// ww_client_socket.socket_client(","\t\t\t\t\t// \tmanage_message.get_msg().mode_stream_audio_to_client);","","\t\t\t\t\tww_client_socket.socket_client(received_json);","","\t\t\t\t\tbreak;","\t\t\t\t}","","\t\t\t\tcase \"setup_stream_audio_from_server\" : {","","\t\t\t\t\tsetup_stream_audio_from_server(received_json);","","\t\t\t\t\tbreak;","\t\t\t\t}","","\t\t\t\tcase \"mode_stop_streaming\" : {","","\t\t\t\t\tconsole.log(\"momomomomomomomomomomo     mode_stop_streaming\");","","\t\t\t\t\tww_client_socket.socket_client(","\t\t\t\t\t\tmanage_message.get_msg().mode_stop_streaming);","","\t\t\t\t\t// --- reset to prepare for next media --- //\t\t\t\t\t","","\t\t\t\t\tmanage_buffer_processing.set_mode(\"browser_get_audio_from_server\");","","\t\t\t\t\tbreak;","\t\t\t\t}","","\t\t\t\tdefault : {","","\t\t\t\t\tsend_console_to_browser.log(\"ERROR - invalid browser_directed_mode : \" + ","\t\t\t\t\t\t\t\t\treceived_json.browser_directed_mode);","\t\t\t\t}","\t\t\t}","","\t\t} else {","","\t\t\tsend_console_to_browser.log(\"ERROR - ww did receive string from browser\" +","\t\t\t\t\t\t\"... yet NOT seeing browser_directed_mode\");","\t\t}","","\t} else {","","\t\tsend_console_to_browser.log(\"ERROR - ww received NON string from browser\" +","\t\t\t\t\t\"... maybe event.data instanceof ArrayBuffer \");","\t}","};",""],"l":{"2":2,"3":0,"4":0,"38":0,"41":1,"42":0,"43":0,"44":0,"45":0,"47":0,"48":0,"49":0,"50":0,"51":0,"52":0,"55":0,"59":0,"66":0,"76":0,"78":0,"80":0,"84":0,"91":0,"96":1,"98":0,"100":0,"102":0,"115":0,"119":0,"121":0,"125":0,"136":1,"146":0,"148":0,"163":0,"166":1,"168":0,"172":0,"176":0,"178":0,"183":0,"185":0,"190":0,"192":0,"197":0,"202":1,"206":0,"209":1,"211":0,"215":0,"216":0,"218":0,"224":0,"228":0,"229":0,"230":0,"231":0,"232":0,"234":0,"235":0,"237":0,"248":0,"262":0,"264":0,"265":0,"274":0,"278":0,"280":0,"283":0,"285":0,"290":0,"292":0,"296":0,"298":0,"303":0,"305":0,"309":0,"313":0,"317":0,"330":0,"332":0,"334":0,"338":0,"344":0,"349":0,"358":0,"360":0,"362":0,"364":0,"366":0,"371":1,"373":0,"375":0,"377":0,"382":0,"385":0,"388":0,"391":0,"393":0,"397":0,"401":0,"405":0,"409":0,"411":0,"413":0,"422":0,"424":0,"426":0,"433":0,"452":0,"459":0,"461":0,"462":0,"464":0,"465":0,"467":0,"468":0,"470":0,"471":0,"473":0,"480":0,"482":0,"487":0,"489":0,"494":0,"496":0,"501":0,"503":0,"508":0,"515":0,"521":0}}}